This file contains any messages produced by compilers while
running configure, to aid debugging if configure makes a mistake.

It was created by glib configure 2.32.4, which was
generated by GNU Autoconf 2.68.  Invocation command line was

  $ ./configure --disable-option-checking --prefix=/home/kit/git/zrt --host=x86_64-nacl --enable-static --with-internal-glib host_alias=x86_64-nacl CC=x86_64-nacl-gcc CFLAGS=-I/home/kit/git/zrt/include LDFLAGS=-static -Wl,-s,-T/home/kit/zvm-sdk/x86_64-nacl/lib64/ldscripts/elf64_nacl.x.static,/home/kit/git/zrt/lib/zrt.o,-L/home/kit/git/zrt/lib,-lzrt,-lfs,-lstdc++ --cache-file=/dev/null --srcdir=.

## --------- ##
## Platform. ##
## --------- ##

hostname = dev
uname -m = x86_64
uname -r = 3.2.0-38-generic
uname -s = Linux
uname -v = #61-Ubuntu SMP Tue Feb 19 12:18:21 UTC 2013

/usr/bin/uname -p = unknown
/bin/uname -X     = unknown

/bin/arch              = unknown
/usr/bin/arch -k       = unknown
/usr/convex/getsysinfo = unknown
/usr/bin/hostinfo      = unknown
/bin/machine           = unknown
/usr/bin/oslevel       = unknown
/bin/universe          = unknown

PATH: /home/kit/bin
PATH: /usr/lib/lightdm/lightdm
PATH: /usr/local/sbin
PATH: /usr/local/bin
PATH: /usr/sbin
PATH: /usr/bin
PATH: /sbin
PATH: /bin
PATH: /usr/games
PATH: /home/kit/bin
PATH: /home/kit/zvm-sdk/bin
PATH: /home/kit/zvm-sdk/bin


## ----------- ##
## Core tests. ##
## ----------- ##

configure:2817: checking for a BSD-compatible install
configure:2885: result: /usr/bin/install -c
configure:2896: checking whether build environment is sane
configure:2946: result: yes
configure:2995: checking for x86_64-nacl-strip
configure:3011: found /home/kit/zvm-sdk/bin/x86_64-nacl-strip
configure:3022: result: x86_64-nacl-strip
configure:3087: checking for a thread-safe mkdir -p
configure:3126: result: /bin/mkdir -p
configure:3139: checking for gawk
configure:3169: result: no
configure:3139: checking for mawk
configure:3155: found /usr/bin/mawk
configure:3166: result: mawk
configure:3177: checking whether make sets $(MAKE)
configure:3199: result: yes
configure:3265: checking how to create a ustar tar archive
configure:3278: tar --version
tar (GNU tar) 1.26
Copyright (C) 2011 Free Software Foundation, Inc.
License GPLv3+: GNU GPL version 3 or later <http://gnu.org/licenses/gpl.html>.
This is free software: you are free to change and redistribute it.
There is NO WARRANTY, to the extent permitted by law.

Written by John Gilmore and Jay Fenlason.
configure:3281: $? = 0
configure:3321: tardir=conftest.dir && eval tar --format=ustar -chf - "$tardir" >conftest.tar
configure:3324: $? = 0
configure:3328: tar -xf - <conftest.tar
configure:3331: $? = 0
configure:3344: result: gnutar
configure:3352: checking whether to disable maintainer-specific portions of Makefiles
configure:3361: result: yes
configure:3441: checking for x86_64-nacl-gcc
configure:3468: result: x86_64-nacl-gcc
configure:3737: checking for C compiler version
configure:3746: x86_64-nacl-gcc --version >&5
x86_64-nacl-gcc (GCC) 4.4.3
Copyright (C) 2010 Free Software Foundation, Inc.
This is free software; see the source for copying conditions.  There is NO
warranty; not even for MERCHANTABILITY or FITNESS FOR A PARTICULAR PURPOSE.

configure:3757: $? = 0
configure:3746: x86_64-nacl-gcc -v >&5
Using built-in specs.
Target: x86_64-nacl
Configured with: /media/40G/toolchain/SRC/gcc/configure CC='gcc -m32' CFLAGS='-O2 -g -Dinhibit_libc -D__gthr_posix_h' LDFLAGS=-s 'CFLAGS_FOR_TARGET=-O2 -g ' 'CXXFLAGS_FOR_TARGET=-O2 -g ' --prefix=/home/kit/zvm-sdk --disable-decimal-float --disable-libgomp --disable-libmudflap --disable-libssp --disable-libstdcxx-pch --target=x86_64-nacl --with-gmp=/media/40G/toolchain/BUILD/.gcc-extra-install-gmp --with-mpfr=/media/40G/toolchain/BUILD/.gcc-extra-install-mpfr --with-ppl=/media/40G/toolchain/BUILD/.gcc-extra-install-ppl --with-host-libstdcxx='-lpwl -Wl,-Bstatic -lstdc++ -Wl,-Bdynamic -lm' --with-cloog=/media/40G/toolchain/BUILD/.gcc-extra-install-cloog-ppl --disable-ppl-version-check --enable-shared --enable-languages=c,c++,objc,obj-c++,fortran --enable-threads=posix --enable-tls
Thread model: posix
gcc version 4.4.3 (GCC) 
configure:3757: $? = 0
configure:3746: x86_64-nacl-gcc -V >&5
x86_64-nacl-gcc: '-V' option must have argument
configure:3757: $? = 1
configure:3746: x86_64-nacl-gcc -qversion >&5
x86_64-nacl-gcc: unrecognized option '-qversion'
x86_64-nacl-gcc: no input files
configure:3757: $? = 1
configure:3777: checking whether the C compiler works
configure:3799: x86_64-nacl-gcc -I/home/kit/git/zrt/include  -static -Wl,-s,-T/home/kit/zvm-sdk/x86_64-nacl/lib64/ldscripts/elf64_nacl.x.static,/home/kit/git/zrt/lib/zrt.o,-L/home/kit/git/zrt/lib,-lzrt,-lfs,-lstdc++ conftest.c  >&5
configure:3803: $? = 0
configure:3851: result: yes
configure:3854: checking for C compiler default output file name
configure:3856: result: a.out
configure:3862: checking for suffix of executables
configure:3869: x86_64-nacl-gcc -o conftest -I/home/kit/git/zrt/include  -static -Wl,-s,-T/home/kit/zvm-sdk/x86_64-nacl/lib64/ldscripts/elf64_nacl.x.static,/home/kit/git/zrt/lib/zrt.o,-L/home/kit/git/zrt/lib,-lzrt,-lfs,-lstdc++ conftest.c  >&5
configure:3873: $? = 0
configure:3895: result: 
configure:3917: checking whether we are cross compiling
configure:3925: x86_64-nacl-gcc -o conftest -I/home/kit/git/zrt/include  -static -Wl,-s,-T/home/kit/zvm-sdk/x86_64-nacl/lib64/ldscripts/elf64_nacl.x.static,/home/kit/git/zrt/lib/zrt.o,-L/home/kit/git/zrt/lib,-lzrt,-lfs,-lstdc++ conftest.c  >&5
configure:3929: $? = 0
configure:3936: ./conftest
./configure: line 3938: 17432 Segmentation fault      (core dumped) ./conftest$ac_cv_exeext
configure:3940: $? = 139
configure:3955: result: yes
configure:3960: checking for suffix of object files
configure:3982: x86_64-nacl-gcc -c -I/home/kit/git/zrt/include  conftest.c >&5
configure:3986: $? = 0
configure:4007: result: o
configure:4011: checking whether we are using the GNU C compiler
configure:4030: x86_64-nacl-gcc -c -I/home/kit/git/zrt/include  conftest.c >&5
configure:4030: $? = 0
configure:4039: result: yes
configure:4048: checking whether x86_64-nacl-gcc accepts -g
configure:4068: x86_64-nacl-gcc -c -g  conftest.c >&5
configure:4068: $? = 0
configure:4109: result: yes
configure:4126: checking for x86_64-nacl-gcc option to accept ISO C89
configure:4190: x86_64-nacl-gcc  -c -I/home/kit/git/zrt/include  conftest.c >&5
configure:4190: $? = 0
configure:4203: result: none needed
configure:4234: checking for style of include used by make
configure:4262: result: GNU
configure:4287: checking dependency style of x86_64-nacl-gcc
configure:4397: result: gcc3
configure:4417: checking how to run the C preprocessor
configure:4448: x86_64-nacl-gcc -E  conftest.c
configure:4448: $? = 0
configure:4462: x86_64-nacl-gcc -E  conftest.c
conftest.c:14:28: error: ac_nonexistent.h: No such file or directory
configure:4462: $? = 1
configure: failed program was:
| /* confdefs.h */
| #define PACKAGE_NAME "glib"
| #define PACKAGE_TARNAME "glib"
| #define PACKAGE_VERSION "2.32.4"
| #define PACKAGE_STRING "glib 2.32.4"
| #define PACKAGE_BUGREPORT "http://bugzilla.gnome.org/enter_bug.cgi?product=glib"
| #define PACKAGE_URL ""
| #define GLIB_MAJOR_VERSION 2
| #define GLIB_MINOR_VERSION 32
| #define GLIB_MICRO_VERSION 4
| #define GLIB_INTERFACE_AGE 4
| #define GLIB_BINARY_AGE 3204
| /* end confdefs.h.  */
| #include <ac_nonexistent.h>
configure:4487: result: x86_64-nacl-gcc -E
configure:4507: x86_64-nacl-gcc -E  conftest.c
configure:4507: $? = 0
configure:4521: x86_64-nacl-gcc -E  conftest.c
conftest.c:14:28: error: ac_nonexistent.h: No such file or directory
configure:4521: $? = 1
configure: failed program was:
| /* confdefs.h */
| #define PACKAGE_NAME "glib"
| #define PACKAGE_TARNAME "glib"
| #define PACKAGE_VERSION "2.32.4"
| #define PACKAGE_STRING "glib 2.32.4"
| #define PACKAGE_BUGREPORT "http://bugzilla.gnome.org/enter_bug.cgi?product=glib"
| #define PACKAGE_URL ""
| #define GLIB_MAJOR_VERSION 2
| #define GLIB_MINOR_VERSION 32
| #define GLIB_MICRO_VERSION 4
| #define GLIB_INTERFACE_AGE 4
| #define GLIB_BINARY_AGE 3204
| /* end confdefs.h.  */
| #include <ac_nonexistent.h>
configure:4563: checking build system type
configure:4577: result: x86_64-unknown-linux-gnu
configure:4597: checking host system type
configure:4610: result: x86_64-pc-nacl
configure:4631: checking for the BeOS
configure:4641: result: no
configure:4645: checking for Win32
configure:4679: result: no
configure:4685: checking for Mac OS X Carbon support
configure:4696: x86_64-nacl-gcc -E  conftest.c
conftest.c:15:27: error: Carbon/Carbon.h: No such file or directory
conftest.c:16:39: error: CoreServices/CoreServices.h: No such file or directory
configure:4696: $? = 1
configure: failed program was:
| /* confdefs.h */
| #define PACKAGE_NAME "glib"
| #define PACKAGE_TARNAME "glib"
| #define PACKAGE_VERSION "2.32.4"
| #define PACKAGE_STRING "glib 2.32.4"
| #define PACKAGE_BUGREPORT "http://bugzilla.gnome.org/enter_bug.cgi?product=glib"
| #define PACKAGE_URL ""
| #define GLIB_MAJOR_VERSION 2
| #define GLIB_MINOR_VERSION 32
| #define GLIB_MICRO_VERSION 4
| #define GLIB_INTERFACE_AGE 4
| #define GLIB_BINARY_AGE 3204
| /* end confdefs.h.  */
| 
| #include <Carbon/Carbon.h>
| #include <CoreServices/CoreServices.h>
| 
configure:4701: result: no
configure:4705: checking for Mac OS X Cocoa support
configure:4716: x86_64-nacl-gcc -E  conftest.c
conftest.c:15:25: error: Cocoa/Cocoa.h: No such file or directory
configure:4716: $? = 1
configure: failed program was:
| /* confdefs.h */
| #define PACKAGE_NAME "glib"
| #define PACKAGE_TARNAME "glib"
| #define PACKAGE_VERSION "2.32.4"
| #define PACKAGE_STRING "glib 2.32.4"
| #define PACKAGE_BUGREPORT "http://bugzilla.gnome.org/enter_bug.cgi?product=glib"
| #define PACKAGE_URL ""
| #define GLIB_MAJOR_VERSION 2
| #define GLIB_MINOR_VERSION 32
| #define GLIB_MICRO_VERSION 4
| #define GLIB_INTERFACE_AGE 4
| #define GLIB_BINARY_AGE 3204
| /* end confdefs.h.  */
| 
| #include <Cocoa/Cocoa.h>
| #ifdef GNUSTEP_BASE_VERSION
| #error "Detected GNUstep, not Cocoa"
| #endif
| 
configure:4721: result: no
configure:5128: checking for grep that handles long lines and -e
configure:5186: result: /bin/grep
configure:5191: checking for egrep
configure:5253: result: /bin/grep -E
configure:5259: checking whether we are using the GNU C Library 2.1 or newer
configure:5286: result: yes
configure:5328: checking whether to enable garbage collector friendliness
configure:5337: result: no
configure:5341: checking whether to disable memory pools
configure:5344: result: no
configure:5380: checking for x86_64-nacl-c++
configure:5407: result: x86_64-nacl-g++
configure:5594: checking for C++ compiler version
configure:5603: x86_64-nacl-g++ --version >&5
x86_64-nacl-g++ (GCC) 4.4.3
Copyright (C) 2010 Free Software Foundation, Inc.
This is free software; see the source for copying conditions.  There is NO
warranty; not even for MERCHANTABILITY or FITNESS FOR A PARTICULAR PURPOSE.

configure:5614: $? = 0
configure:5603: x86_64-nacl-g++ -v >&5
Using built-in specs.
Target: x86_64-nacl
Configured with: /media/40G/toolchain/SRC/gcc/configure CC='gcc -m32' CFLAGS='-O2 -g -Dinhibit_libc -D__gthr_posix_h' LDFLAGS=-s 'CFLAGS_FOR_TARGET=-O2 -g ' 'CXXFLAGS_FOR_TARGET=-O2 -g ' --prefix=/home/kit/zvm-sdk --disable-decimal-float --disable-libgomp --disable-libmudflap --disable-libssp --disable-libstdcxx-pch --target=x86_64-nacl --with-gmp=/media/40G/toolchain/BUILD/.gcc-extra-install-gmp --with-mpfr=/media/40G/toolchain/BUILD/.gcc-extra-install-mpfr --with-ppl=/media/40G/toolchain/BUILD/.gcc-extra-install-ppl --with-host-libstdcxx='-lpwl -Wl,-Bstatic -lstdc++ -Wl,-Bdynamic -lm' --with-cloog=/media/40G/toolchain/BUILD/.gcc-extra-install-cloog-ppl --disable-ppl-version-check --enable-shared --enable-languages=c,c++,objc,obj-c++,fortran --enable-threads=posix --enable-tls
Thread model: posix
gcc version 4.4.3 (GCC) 
configure:5614: $? = 0
configure:5603: x86_64-nacl-g++ -V >&5
x86_64-nacl-g++: '-V' option must have argument
configure:5614: $? = 1
configure:5603: x86_64-nacl-g++ -qversion >&5
x86_64-nacl-g++: unrecognized option '-qversion'
x86_64-nacl-g++: no input files
configure:5614: $? = 1
configure:5618: checking whether we are using the GNU C++ compiler
configure:5637: x86_64-nacl-g++ -c   conftest.cpp >&5
configure:5637: $? = 0
configure:5646: result: yes
configure:5655: checking whether x86_64-nacl-g++ accepts -g
configure:5675: x86_64-nacl-g++ -c -g  conftest.cpp >&5
configure:5675: $? = 0
configure:5716: result: yes
configure:5741: checking dependency style of x86_64-nacl-g++
configure:5851: result: gcc3
configure:5878: x86_64-nacl-g++ -c -g -O2  conftest.cpp >&5
configure:5878: $? = 0
configure:5907: checking for x86_64-nacl-gcc
configure:5934: result: x86_64-nacl-gcc
configure:6203: checking for C compiler version
configure:6212: x86_64-nacl-gcc --version >&5
x86_64-nacl-gcc (GCC) 4.4.3
Copyright (C) 2010 Free Software Foundation, Inc.
This is free software; see the source for copying conditions.  There is NO
warranty; not even for MERCHANTABILITY or FITNESS FOR A PARTICULAR PURPOSE.

configure:6223: $? = 0
configure:6212: x86_64-nacl-gcc -v >&5
Using built-in specs.
Target: x86_64-nacl
Configured with: /media/40G/toolchain/SRC/gcc/configure CC='gcc -m32' CFLAGS='-O2 -g -Dinhibit_libc -D__gthr_posix_h' LDFLAGS=-s 'CFLAGS_FOR_TARGET=-O2 -g ' 'CXXFLAGS_FOR_TARGET=-O2 -g ' --prefix=/home/kit/zvm-sdk --disable-decimal-float --disable-libgomp --disable-libmudflap --disable-libssp --disable-libstdcxx-pch --target=x86_64-nacl --with-gmp=/media/40G/toolchain/BUILD/.gcc-extra-install-gmp --with-mpfr=/media/40G/toolchain/BUILD/.gcc-extra-install-mpfr --with-ppl=/media/40G/toolchain/BUILD/.gcc-extra-install-ppl --with-host-libstdcxx='-lpwl -Wl,-Bstatic -lstdc++ -Wl,-Bdynamic -lm' --with-cloog=/media/40G/toolchain/BUILD/.gcc-extra-install-cloog-ppl --disable-ppl-version-check --enable-shared --enable-languages=c,c++,objc,obj-c++,fortran --enable-threads=posix --enable-tls
Thread model: posix
gcc version 4.4.3 (GCC) 
configure:6223: $? = 0
configure:6212: x86_64-nacl-gcc -V >&5
x86_64-nacl-gcc: '-V' option must have argument
configure:6223: $? = 1
configure:6212: x86_64-nacl-gcc -qversion >&5
x86_64-nacl-gcc: unrecognized option '-qversion'
x86_64-nacl-gcc: no input files
configure:6223: $? = 1
configure:6227: checking whether we are using the GNU C compiler
configure:6255: result: yes
configure:6264: checking whether x86_64-nacl-gcc accepts -g
configure:6325: result: yes
configure:6342: checking for x86_64-nacl-gcc option to accept ISO C89
configure:6419: result: none needed
configure:6441: checking dependency style of x86_64-nacl-gcc
configure:6551: result: gcc3
configure:6570: checking whether x86_64-nacl-gcc and cc understand -c and -o together
configure:6601: x86_64-nacl-gcc -c conftest.c -o conftest2.o >&5
configure:6605: $? = 0
configure:6611: x86_64-nacl-gcc -c conftest.c -o conftest2.o >&5
configure:6615: $? = 0
configure:6626: cc -c conftest.c >&5
configure:6630: $? = 0
configure:6638: cc -c conftest.c -o conftest2.o >&5
configure:6642: $? = 0
configure:6648: cc -c conftest.c -o conftest2.o >&5
configure:6652: $? = 0
configure:6670: result: yes
configure:6704: checking for special C compiler options needed for large files
configure:6749: result: no
configure:6755: checking for _FILE_OFFSET_BITS value needed for large files
configure:6780: x86_64-nacl-gcc -c -I/home/kit/git/zrt/include  conftest.c >&5
configure:6780: $? = 0
configure:6812: result: no
configure:6961: checking for gawk
configure:6988: result: mawk
configure:7003: checking for perl5
configure:7033: result: no
configure:7003: checking for perl
configure:7019: found /usr/bin/perl
configure:7030: result: perl
configure:7044: checking for indent
configure:7074: result: no
configure:7093: checking for perl
configure:7111: found /usr/bin/perl
configure:7123: result: /usr/bin/perl
configure:7169: checking for a Python interpreter with version >= 2.5
configure:7186: python -c import sys # split strings by '.' and convert to numeric. Append some zeros # because we need at least 4 digits for the hex conversion. # map returns an iterator in Python 3.0 and a list in 2.x minver = list(map(int, '2.5'.split('.'))) + [0, 0, 0] minverhex = 0 # xrange is not present in Python 3.0 and range returns an iterator for i in list(range(0, 4)): minverhex = (minverhex << 8) + minver[i] sys.exit(sys.hexversion < minverhex)
configure:7189: $? = 0
configure:7195: result: python
configure:7203: checking for python
configure:7221: found /usr/bin/python
configure:7233: result: /usr/bin/python
configure:7251: checking for python version
configure:7258: result: 2.7
configure:7270: checking for python platform
configure:7277: result: linux2
configure:7284: checking for python script directory
configure:7313: result: ${prefix}/lib/python2.7/site-packages
configure:7322: checking for python extension module directory
configure:7351: result: ${exec_prefix}/lib/python2.7/site-packages
configure:7384: checking for iconv_open
configure:7384: x86_64-nacl-gcc -o conftest -I/home/kit/git/zrt/include  -static -Wl,-s,-T/home/kit/zvm-sdk/x86_64-nacl/lib64/ldscripts/elf64_nacl.x.static,/home/kit/git/zrt/lib/zrt.o,-L/home/kit/git/zrt/lib,-lzrt,-lfs,-lstdc++ conftest.c  >&5
configure:7384: $? = 0
configure:7384: result: yes
configure:7582: checking whether to cache iconv descriptors
configure:7604: result: no
configure:7697: checking how to print strings
configure:7724: result: printf
configure:7745: checking for a sed that does not truncate output
configure:7809: result: /bin/sed
configure:7827: checking for fgrep
configure:7889: result: /bin/grep -F
configure:7924: checking for ld used by x86_64-nacl-gcc
configure:7991: result: /home/kit/zvm-sdk/x86_64-nacl/bin/ld
configure:7998: checking if the linker (/home/kit/zvm-sdk/x86_64-nacl/bin/ld) is GNU ld
configure:8013: result: yes
configure:8025: checking for BSD- or MS-compatible name lister (nm)
configure:8074: result: /home/kit/zvm-sdk/bin/x86_64-nacl-nm -B
configure:8204: checking the name lister (/home/kit/zvm-sdk/bin/x86_64-nacl-nm -B) interface
configure:8211: x86_64-nacl-gcc -c -I/home/kit/git/zrt/include  conftest.c >&5
configure:8214: /home/kit/zvm-sdk/bin/x86_64-nacl-nm -B "conftest.o"
configure:8217: output
0000000000000005 a NACLALIGN
0000000000000005 a NACLENTRYALIGN
0000000000000000 B some_variable
configure:8224: result: BSD nm
configure:8227: checking whether ln -s works
configure:8231: result: yes
configure:8239: checking the maximum length of command line arguments
configure:8364: result: 1572864
configure:8381: checking whether the shell understands some XSI constructs
configure:8391: result: yes
configure:8395: checking whether the shell understands "+="
configure:8401: result: yes
configure:8436: checking how to convert x86_64-unknown-linux-gnu file names to x86_64-pc-nacl format
configure:8476: result: func_convert_file_noop
configure:8483: checking how to convert x86_64-unknown-linux-gnu file names to toolchain format
configure:8503: result: func_convert_file_noop
configure:8510: checking for /home/kit/zvm-sdk/x86_64-nacl/bin/ld option to reload object files
configure:8517: result: -r
configure:8551: checking for x86_64-nacl-objdump
configure:8567: found /home/kit/zvm-sdk/bin/x86_64-nacl-objdump
configure:8578: result: x86_64-nacl-objdump
configure:8647: checking how to recognize dependent libraries
configure:8849: result: unknown
configure:8894: checking for x86_64-nacl-dlltool
configure:8924: result: no
configure:8934: checking for dlltool
configure:8964: result: no
configure:8991: checking how to associate runtime and link libraries
configure:9018: result: printf %s\n
configure:9034: checking for x86_64-nacl-ar
configure:9061: result: x86_64-nacl-ar
configure:9142: checking for archiver @FILE support
configure:9159: x86_64-nacl-gcc -c -I/home/kit/git/zrt/include  conftest.c >&5
configure:9159: $? = 0
configure:9162: x86_64-nacl-ar cru libconftest.a @conftest.lst >&5
x86_64-nacl-ar: `u' modifier ignored since `D' is the default (see `U')
configure:9165: $? = 0
configure:9170: x86_64-nacl-ar cru libconftest.a @conftest.lst >&5
x86_64-nacl-ar: `u' modifier ignored since `D' is the default (see `U')
x86_64-nacl-ar: conftest.o: No such file or directory
configure:9173: $? = 1
configure:9185: result: @
configure:9203: checking for x86_64-nacl-strip
configure:9230: result: x86_64-nacl-strip
configure:9302: checking for x86_64-nacl-ranlib
configure:9329: result: x86_64-nacl-ranlib
configure:9471: checking command to parse /home/kit/zvm-sdk/bin/x86_64-nacl-nm -B output from x86_64-nacl-gcc object
configure:9590: x86_64-nacl-gcc -c -I/home/kit/git/zrt/include  conftest.c >&5
configure:9593: $? = 0
configure:9597: /home/kit/zvm-sdk/bin/x86_64-nacl-nm -B conftest.o \| sed -n -e 's/^.*[ ]\([ABCDGIRSTW][ABCDGIRSTW]*\)[ ][ ]*\([_A-Za-z][_A-Za-z0-9]*\)$/\1 \2 \2/p' | sed '/ __gnu_lto/d' \> conftest.nm
configure:9600: $? = 0
configure:9666: x86_64-nacl-gcc -o conftest -I/home/kit/git/zrt/include  -static -Wl,-s,-T/home/kit/zvm-sdk/x86_64-nacl/lib64/ldscripts/elf64_nacl.x.static,/home/kit/git/zrt/lib/zrt.o,-L/home/kit/git/zrt/lib,-lzrt,-lfs,-lstdc++ conftest.c conftstm.o >&5
configure:9669: $? = 0
configure:9707: result: ok
configure:9744: checking for sysroot
configure:9774: result: no
configure:9977: checking for x86_64-nacl-mt
configure:10007: result: no
configure:10017: checking for mt
configure:10033: found /bin/mt
configure:10044: result: mt
configure:10056: WARNING: using cross tools not prefixed with host triplet
configure:10067: checking if mt is a manifest tool
configure:10073: mt '-?'
configure:10081: result: no
configure:10708: checking for ANSI C header files
configure:10728: x86_64-nacl-gcc -c -I/home/kit/git/zrt/include  conftest.c >&5
configure:10728: $? = 0
configure:10812: result: yes
configure:10825: checking for sys/types.h
configure:10825: x86_64-nacl-gcc -c -I/home/kit/git/zrt/include  conftest.c >&5
configure:10825: $? = 0
configure:10825: result: yes
configure:10825: checking for sys/stat.h
configure:10825: x86_64-nacl-gcc -c -I/home/kit/git/zrt/include  conftest.c >&5
configure:10825: $? = 0
configure:10825: result: yes
configure:10825: checking for stdlib.h
configure:10825: x86_64-nacl-gcc -c -I/home/kit/git/zrt/include  conftest.c >&5
configure:10825: $? = 0
configure:10825: result: yes
configure:10825: checking for string.h
configure:10825: x86_64-nacl-gcc -c -I/home/kit/git/zrt/include  conftest.c >&5
configure:10825: $? = 0
configure:10825: result: yes
configure:10825: checking for memory.h
configure:10825: x86_64-nacl-gcc -c -I/home/kit/git/zrt/include  conftest.c >&5
configure:10825: $? = 0
configure:10825: result: yes
configure:10825: checking for strings.h
configure:10825: x86_64-nacl-gcc -c -I/home/kit/git/zrt/include  conftest.c >&5
configure:10825: $? = 0
configure:10825: result: yes
configure:10825: checking for inttypes.h
configure:10825: x86_64-nacl-gcc -c -I/home/kit/git/zrt/include  conftest.c >&5
configure:10825: $? = 0
configure:10825: result: yes
configure:10825: checking for stdint.h
configure:10825: x86_64-nacl-gcc -c -I/home/kit/git/zrt/include  conftest.c >&5
configure:10825: $? = 0
configure:10825: result: yes
configure:10825: checking for unistd.h
configure:10825: x86_64-nacl-gcc -c -I/home/kit/git/zrt/include  conftest.c >&5
configure:10825: $? = 0
configure:10825: result: yes
configure:10839: checking for dlfcn.h
configure:10839: x86_64-nacl-gcc -c -I/home/kit/git/zrt/include  conftest.c >&5
configure:10839: $? = 0
configure:10839: result: yes
configure:11333: checking for objdir
configure:11348: result: .libs
configure:11619: checking if x86_64-nacl-gcc supports -fno-rtti -fno-exceptions
configure:11637: x86_64-nacl-gcc -c -I/home/kit/git/zrt/include  -fno-rtti -fno-exceptions conftest.c >&5
cc1: warning: command line option "-fno-rtti" is valid for C++/ObjC++ but not for C
configure:11641: $? = 0
configure:11654: result: no
configure:11964: checking for x86_64-nacl-gcc option to produce PIC
configure:11971: result: -fPIC -DPIC
configure:11979: checking if x86_64-nacl-gcc PIC flag -fPIC -DPIC works
configure:11997: x86_64-nacl-gcc -c -I/home/kit/git/zrt/include  -fPIC -DPIC -DPIC conftest.c >&5
configure:12001: $? = 0
configure:12014: result: yes
configure:12043: checking if x86_64-nacl-gcc static flag -static works
configure:12071: result: yes
configure:12086: checking if x86_64-nacl-gcc supports -c -o file.o
configure:12107: x86_64-nacl-gcc -c -I/home/kit/git/zrt/include  -o out/conftest2.o conftest.c >&5
configure:12111: $? = 0
configure:12133: result: yes
configure:12141: checking if x86_64-nacl-gcc supports -c -o file.o
configure:12188: result: yes
configure:12221: checking whether the x86_64-nacl-gcc linker (/home/kit/zvm-sdk/x86_64-nacl/bin/ld) supports shared libraries
configure:13379: result: yes
configure:13624: checking dynamic linker characteristics
configure:14364: result: no
configure:14471: checking how to hardcode library paths into programs
configure:14496: result: immediate
configure:15036: checking whether stripping libraries is possible
configure:15041: result: yes
configure:15076: checking if libtool supports shared libraries
configure:15078: result: no
configure:15081: checking whether to build shared libraries
configure:15102: result: no
configure:15105: checking whether to build static libraries
configure:15109: result: yes
configure:15132: checking how to run the C++ preprocessor
configure:15159: x86_64-nacl-g++ -E  conftest.cpp
configure:15159: $? = 0
configure:15173: x86_64-nacl-g++ -E  conftest.cpp
conftest.cpp:29:28: error: ac_nonexistent.h: No such file or directory
configure:15173: $? = 1
configure: failed program was:
| /* confdefs.h */
| #define PACKAGE_NAME "glib"
| #define PACKAGE_TARNAME "glib"
| #define PACKAGE_VERSION "2.32.4"
| #define PACKAGE_STRING "glib 2.32.4"
| #define PACKAGE_BUGREPORT "http://bugzilla.gnome.org/enter_bug.cgi?product=glib"
| #define PACKAGE_URL ""
| #define GLIB_MAJOR_VERSION 2
| #define GLIB_MINOR_VERSION 32
| #define GLIB_MICRO_VERSION 4
| #define GLIB_INTERFACE_AGE 4
| #define GLIB_BINARY_AGE 3204
| #define _GNU_SOURCE 1
| #define GETTEXT_PACKAGE "glib20"
| #define GLIB_LOCALE_DIR ""
| #define STDC_HEADERS 1
| #define HAVE_SYS_TYPES_H 1
| #define HAVE_SYS_STAT_H 1
| #define HAVE_STDLIB_H 1
| #define HAVE_STRING_H 1
| #define HAVE_MEMORY_H 1
| #define HAVE_STRINGS_H 1
| #define HAVE_INTTYPES_H 1
| #define HAVE_STDINT_H 1
| #define HAVE_UNISTD_H 1
| #define HAVE_DLFCN_H 1
| #define LT_OBJDIR ".libs/"
| /* end confdefs.h.  */
| #include <ac_nonexistent.h>
configure:15198: result: x86_64-nacl-g++ -E
configure:15218: x86_64-nacl-g++ -E  conftest.cpp
configure:15218: $? = 0
configure:15232: x86_64-nacl-g++ -E  conftest.cpp
conftest.cpp:29:28: error: ac_nonexistent.h: No such file or directory
configure:15232: $? = 1
configure: failed program was:
| /* confdefs.h */
| #define PACKAGE_NAME "glib"
| #define PACKAGE_TARNAME "glib"
| #define PACKAGE_VERSION "2.32.4"
| #define PACKAGE_STRING "glib 2.32.4"
| #define PACKAGE_BUGREPORT "http://bugzilla.gnome.org/enter_bug.cgi?product=glib"
| #define PACKAGE_URL ""
| #define GLIB_MAJOR_VERSION 2
| #define GLIB_MINOR_VERSION 32
| #define GLIB_MICRO_VERSION 4
| #define GLIB_INTERFACE_AGE 4
| #define GLIB_BINARY_AGE 3204
| #define _GNU_SOURCE 1
| #define GETTEXT_PACKAGE "glib20"
| #define GLIB_LOCALE_DIR ""
| #define STDC_HEADERS 1
| #define HAVE_SYS_TYPES_H 1
| #define HAVE_SYS_STAT_H 1
| #define HAVE_STDLIB_H 1
| #define HAVE_STRING_H 1
| #define HAVE_MEMORY_H 1
| #define HAVE_STRINGS_H 1
| #define HAVE_INTTYPES_H 1
| #define HAVE_STDINT_H 1
| #define HAVE_UNISTD_H 1
| #define HAVE_DLFCN_H 1
| #define LT_OBJDIR ".libs/"
| /* end confdefs.h.  */
| #include <ac_nonexistent.h>
configure:15402: checking for ld used by x86_64-nacl-g++
configure:15469: result: /home/kit/zvm-sdk/x86_64-nacl/bin/ld
configure:15476: checking if the linker (/home/kit/zvm-sdk/x86_64-nacl/bin/ld) is GNU ld
configure:15491: result: yes
configure:15546: checking whether the x86_64-nacl-g++ linker (/home/kit/zvm-sdk/x86_64-nacl/bin/ld) supports shared libraries
configure:16550: result: no
configure:16585: x86_64-nacl-g++ -c -g -O2  conftest.cpp >&5
configure:16588: $? = 0
configure:17108: checking for x86_64-nacl-g++ option to produce PIC
configure:17115: result: -fPIC -DPIC
configure:17123: checking if x86_64-nacl-g++ PIC flag -fPIC -DPIC works
configure:17141: x86_64-nacl-g++ -c -g -O2  -fPIC -DPIC -DPIC conftest.cpp >&5
configure:17145: $? = 0
configure:17158: result: yes
configure:17181: checking if x86_64-nacl-g++ static flag -static works
configure:17209: result: yes
configure:17221: checking if x86_64-nacl-g++ supports -c -o file.o
configure:17242: x86_64-nacl-g++ -c -g -O2  -o out/conftest2.o conftest.cpp >&5
configure:17246: $? = 0
configure:17268: result: yes
configure:17273: checking if x86_64-nacl-g++ supports -c -o file.o
configure:17320: result: yes
configure:17350: checking whether the x86_64-nacl-g++ linker (/home/kit/zvm-sdk/x86_64-nacl/bin/ld) supports shared libraries
configure:17384: result: no
configure:17527: checking dynamic linker characteristics
configure:18201: result: no
configure:18254: checking how to hardcode library paths into programs
configure:18279: result: immediate
configure:18339: creating ./config.lt

## ------------------ ##
## Running config.lt. ##
## ------------------ ##
config.lt:692: creating libtool
configure:20081: checking for extra flags for POSIX compliance
configure:20094: x86_64-nacl-gcc -c -I/home/kit/git/zrt/include -Wall  conftest.c >&5
conftest.c: In function 'main':
conftest.c:33: warning: unused variable 'dir'
configure:20094: $? = 0
configure:20095: result: none needed
configure:20128: checking for vprintf
configure:20128: x86_64-nacl-gcc -o conftest -I/home/kit/git/zrt/include -Wall  -static -Wl,-s,-T/home/kit/zvm-sdk/x86_64-nacl/lib64/ldscripts/elf64_nacl.x.static,/home/kit/git/zrt/lib/zrt.o,-L/home/kit/git/zrt/lib,-lzrt,-lfs,-lstdc++ conftest.c  >&5
conftest.c:52: warning: conflicting types for built-in function 'vprintf'
configure:20128: $? = 0
configure:20128: result: yes
configure:20134: checking for _doprnt
configure:20134: x86_64-nacl-gcc -o conftest -I/home/kit/git/zrt/include -Wall  -static -Wl,-s,-T/home/kit/zvm-sdk/x86_64-nacl/lib64/ldscripts/elf64_nacl.x.static,/home/kit/git/zrt/lib/zrt.o,-L/home/kit/git/zrt/lib,-lzrt,-lfs,-lstdc++ conftest.c  >&5
/tmp/cciJoTbE.o: In function `main':
conftest.c:(.text+0x1c): undefined reference to `_doprnt'
collect2: ld returned 1 exit status
configure:20134: $? = 1
configure: failed program was:
| /* confdefs.h */
| #define PACKAGE_NAME "glib"
| #define PACKAGE_TARNAME "glib"
| #define PACKAGE_VERSION "2.32.4"
| #define PACKAGE_STRING "glib 2.32.4"
| #define PACKAGE_BUGREPORT "http://bugzilla.gnome.org/enter_bug.cgi?product=glib"
| #define PACKAGE_URL ""
| #define GLIB_MAJOR_VERSION 2
| #define GLIB_MINOR_VERSION 32
| #define GLIB_MICRO_VERSION 4
| #define GLIB_INTERFACE_AGE 4
| #define GLIB_BINARY_AGE 3204
| #define _GNU_SOURCE 1
| #define GETTEXT_PACKAGE "glib20"
| #define GLIB_LOCALE_DIR ""
| #define STDC_HEADERS 1
| #define HAVE_SYS_TYPES_H 1
| #define HAVE_SYS_STAT_H 1
| #define HAVE_STDLIB_H 1
| #define HAVE_STRING_H 1
| #define HAVE_MEMORY_H 1
| #define HAVE_STRINGS_H 1
| #define HAVE_INTTYPES_H 1
| #define HAVE_STDINT_H 1
| #define HAVE_UNISTD_H 1
| #define HAVE_DLFCN_H 1
| #define LT_OBJDIR ".libs/"
| #define HAVE_VPRINTF 1
| /* end confdefs.h.  */
| /* Define _doprnt to an innocuous variant, in case <limits.h> declares _doprnt.
|    For example, HP-UX 11i <limits.h> declares gettimeofday.  */
| #define _doprnt innocuous__doprnt
| 
| /* System header to define __stub macros and hopefully few prototypes,
|     which can conflict with char _doprnt (); below.
|     Prefer <limits.h> to <assert.h> if __STDC__ is defined, since
|     <limits.h> exists even on freestanding compilers.  */
| 
| #ifdef __STDC__
| # include <limits.h>
| #else
| # include <assert.h>
| #endif
| 
| #undef _doprnt
| 
| /* Override any GCC internal prototype to avoid an error.
|    Use char because int might match the return type of a GCC
|    builtin and then its argument prototype would still apply.  */
| #ifdef __cplusplus
| extern "C"
| #endif
| char _doprnt ();
| /* The GNU C library defines this for functions which it implements
|     to always fail with ENOSYS.  Some functions are actually named
|     something starting with __ and the normal name is an alias.  */
| #if defined __stub__doprnt || defined __stub____doprnt
| choke me
| #endif
| 
| int
| main ()
| {
| return _doprnt ();
|   ;
|   return 0;
| }
configure:20134: result: no
configure:20145: checking for size_t
configure:20145: x86_64-nacl-gcc -c -I/home/kit/git/zrt/include -Wall  conftest.c >&5
configure:20145: $? = 0
configure:20145: x86_64-nacl-gcc -c -I/home/kit/git/zrt/include -Wall  conftest.c >&5
conftest.c: In function 'main':
conftest.c:66: error: expected expression before ')' token
configure:20145: $? = 1
configure: failed program was:
| /* confdefs.h */
| #define PACKAGE_NAME "glib"
| #define PACKAGE_TARNAME "glib"
| #define PACKAGE_VERSION "2.32.4"
| #define PACKAGE_STRING "glib 2.32.4"
| #define PACKAGE_BUGREPORT "http://bugzilla.gnome.org/enter_bug.cgi?product=glib"
| #define PACKAGE_URL ""
| #define GLIB_MAJOR_VERSION 2
| #define GLIB_MINOR_VERSION 32
| #define GLIB_MICRO_VERSION 4
| #define GLIB_INTERFACE_AGE 4
| #define GLIB_BINARY_AGE 3204
| #define _GNU_SOURCE 1
| #define GETTEXT_PACKAGE "glib20"
| #define GLIB_LOCALE_DIR ""
| #define STDC_HEADERS 1
| #define HAVE_SYS_TYPES_H 1
| #define HAVE_SYS_STAT_H 1
| #define HAVE_STDLIB_H 1
| #define HAVE_STRING_H 1
| #define HAVE_MEMORY_H 1
| #define HAVE_STRINGS_H 1
| #define HAVE_INTTYPES_H 1
| #define HAVE_STDINT_H 1
| #define HAVE_UNISTD_H 1
| #define HAVE_DLFCN_H 1
| #define LT_OBJDIR ".libs/"
| #define HAVE_VPRINTF 1
| /* end confdefs.h.  */
| #include <stdio.h>
| #ifdef HAVE_SYS_TYPES_H
| # include <sys/types.h>
| #endif
| #ifdef HAVE_SYS_STAT_H
| # include <sys/stat.h>
| #endif
| #ifdef STDC_HEADERS
| # include <stdlib.h>
| # include <stddef.h>
| #else
| # ifdef HAVE_STDLIB_H
| #  include <stdlib.h>
| # endif
| #endif
| #ifdef HAVE_STRING_H
| # if !defined STDC_HEADERS && defined HAVE_MEMORY_H
| #  include <memory.h>
| # endif
| # include <string.h>
| #endif
| #ifdef HAVE_STRINGS_H
| # include <strings.h>
| #endif
| #ifdef HAVE_INTTYPES_H
| # include <inttypes.h>
| #endif
| #ifdef HAVE_STDINT_H
| # include <stdint.h>
| #endif
| #ifdef HAVE_UNISTD_H
| # include <unistd.h>
| #endif
| int
| main ()
| {
| if (sizeof ((size_t)))
| 	    return 0;
|   ;
|   return 0;
| }
configure:20145: result: yes
configure:20158: checking for working alloca.h
configure:20175: x86_64-nacl-gcc -o conftest -I/home/kit/git/zrt/include -Wall  -static -Wl,-s,-T/home/kit/zvm-sdk/x86_64-nacl/lib64/ldscripts/elf64_nacl.x.static,/home/kit/git/zrt/lib/zrt.o,-L/home/kit/git/zrt/lib,-lzrt,-lfs,-lstdc++ conftest.c  >&5
configure:20175: $? = 0
configure:20183: result: yes
configure:20191: checking for alloca
configure:20228: x86_64-nacl-gcc -o conftest -I/home/kit/git/zrt/include -Wall  -static -Wl,-s,-T/home/kit/zvm-sdk/x86_64-nacl/lib64/ldscripts/elf64_nacl.x.static,/home/kit/git/zrt/lib/zrt.o,-L/home/kit/git/zrt/lib,-lzrt,-lfs,-lstdc++ conftest.c  >&5
configure:20228: $? = 0
configure:20236: result: yes
configure:20348: checking for mmap
configure:20348: x86_64-nacl-gcc -o conftest -I/home/kit/git/zrt/include -Wall  -static -Wl,-s,-T/home/kit/zvm-sdk/x86_64-nacl/lib64/ldscripts/elf64_nacl.x.static,/home/kit/git/zrt/lib/zrt.o,-L/home/kit/git/zrt/lib,-lzrt,-lfs,-lstdc++ conftest.c  >&5
configure:20348: $? = 0
configure:20348: result: yes
configure:20348: checking for posix_memalign
configure:20348: x86_64-nacl-gcc -o conftest -I/home/kit/git/zrt/include -Wall  -static -Wl,-s,-T/home/kit/zvm-sdk/x86_64-nacl/lib64/ldscripts/elf64_nacl.x.static,/home/kit/git/zrt/lib/zrt.o,-L/home/kit/git/zrt/lib,-lzrt,-lfs,-lstdc++ conftest.c  >&5
configure:20348: $? = 0
configure:20348: result: yes
configure:20348: checking for memalign
configure:20348: x86_64-nacl-gcc -o conftest -I/home/kit/git/zrt/include -Wall  -static -Wl,-s,-T/home/kit/zvm-sdk/x86_64-nacl/lib64/ldscripts/elf64_nacl.x.static,/home/kit/git/zrt/lib/zrt.o,-L/home/kit/git/zrt/lib,-lzrt,-lfs,-lstdc++ conftest.c  >&5
configure:20348: $? = 0
configure:20348: result: yes
configure:20348: checking for valloc
configure:20348: x86_64-nacl-gcc -o conftest -I/home/kit/git/zrt/include -Wall  -static -Wl,-s,-T/home/kit/zvm-sdk/x86_64-nacl/lib64/ldscripts/elf64_nacl.x.static,/home/kit/git/zrt/lib/zrt.o,-L/home/kit/git/zrt/lib,-lzrt,-lfs,-lstdc++ conftest.c  >&5
configure:20348: $? = 0
configure:20348: result: yes
configure:20348: checking for fsync
configure:20348: x86_64-nacl-gcc -o conftest -I/home/kit/git/zrt/include -Wall  -static -Wl,-s,-T/home/kit/zvm-sdk/x86_64-nacl/lib64/ldscripts/elf64_nacl.x.static,/home/kit/git/zrt/lib/zrt.o,-L/home/kit/git/zrt/lib,-lzrt,-lfs,-lstdc++ conftest.c  >&5
configure:20348: $? = 0
configure:20348: result: yes
configure:20348: checking for pipe2
configure:20348: x86_64-nacl-gcc -o conftest -I/home/kit/git/zrt/include -Wall  -static -Wl,-s,-T/home/kit/zvm-sdk/x86_64-nacl/lib64/ldscripts/elf64_nacl.x.static,/home/kit/git/zrt/lib/zrt.o,-L/home/kit/git/zrt/lib,-lzrt,-lfs,-lstdc++ conftest.c  >&5
conftest.c:65: error: expected '=', ',', ';', 'asm' or '__attribute__' before 'me'
configure:20348: $? = 1
configure: failed program was:
| /* confdefs.h */
| #define PACKAGE_NAME "glib"
| #define PACKAGE_TARNAME "glib"
| #define PACKAGE_VERSION "2.32.4"
| #define PACKAGE_STRING "glib 2.32.4"
| #define PACKAGE_BUGREPORT "http://bugzilla.gnome.org/enter_bug.cgi?product=glib"
| #define PACKAGE_URL ""
| #define GLIB_MAJOR_VERSION 2
| #define GLIB_MINOR_VERSION 32
| #define GLIB_MICRO_VERSION 4
| #define GLIB_INTERFACE_AGE 4
| #define GLIB_BINARY_AGE 3204
| #define _GNU_SOURCE 1
| #define GETTEXT_PACKAGE "glib20"
| #define GLIB_LOCALE_DIR ""
| #define STDC_HEADERS 1
| #define HAVE_SYS_TYPES_H 1
| #define HAVE_SYS_STAT_H 1
| #define HAVE_STDLIB_H 1
| #define HAVE_STRING_H 1
| #define HAVE_MEMORY_H 1
| #define HAVE_STRINGS_H 1
| #define HAVE_INTTYPES_H 1
| #define HAVE_STDINT_H 1
| #define HAVE_UNISTD_H 1
| #define HAVE_DLFCN_H 1
| #define LT_OBJDIR ".libs/"
| #define HAVE_VPRINTF 1
| #define HAVE_ALLOCA_H 1
| #define HAVE_ALLOCA 1
| #define HAVE_MMAP 1
| #define HAVE_POSIX_MEMALIGN 1
| #define HAVE_MEMALIGN 1
| #define HAVE_VALLOC 1
| #define HAVE_FSYNC 1
| /* end confdefs.h.  */
| /* Define pipe2 to an innocuous variant, in case <limits.h> declares pipe2.
|    For example, HP-UX 11i <limits.h> declares gettimeofday.  */
| #define pipe2 innocuous_pipe2
| 
| /* System header to define __stub macros and hopefully few prototypes,
|     which can conflict with char pipe2 (); below.
|     Prefer <limits.h> to <assert.h> if __STDC__ is defined, since
|     <limits.h> exists even on freestanding compilers.  */
| 
| #ifdef __STDC__
| # include <limits.h>
| #else
| # include <assert.h>
| #endif
| 
| #undef pipe2
| 
| /* Override any GCC internal prototype to avoid an error.
|    Use char because int might match the return type of a GCC
|    builtin and then its argument prototype would still apply.  */
| #ifdef __cplusplus
| extern "C"
| #endif
| char pipe2 ();
| /* The GNU C library defines this for functions which it implements
|     to always fail with ENOSYS.  Some functions are actually named
|     something starting with __ and the normal name is an alias.  */
| #if defined __stub_pipe2 || defined __stub___pipe2
| choke me
| #endif
| 
| int
| main ()
| {
| return pipe2 ();
|   ;
|   return 0;
| }
configure:20348: result: no
configure:20360: checking for atexit
configure:20360: x86_64-nacl-gcc -o conftest -I/home/kit/git/zrt/include -Wall  -static -Wl,-s,-T/home/kit/zvm-sdk/x86_64-nacl/lib64/ldscripts/elf64_nacl.x.static,/home/kit/git/zrt/lib/zrt.o,-L/home/kit/git/zrt/lib,-lzrt,-lfs,-lstdc++ conftest.c  >&5
configure:20360: $? = 0
configure:20360: result: yes
configure:20360: checking for on_exit
configure:20360: x86_64-nacl-gcc -o conftest -I/home/kit/git/zrt/include -Wall  -static -Wl,-s,-T/home/kit/zvm-sdk/x86_64-nacl/lib64/ldscripts/elf64_nacl.x.static,/home/kit/git/zrt/lib/zrt.o,-L/home/kit/git/zrt/lib,-lzrt,-lfs,-lstdc++ conftest.c  >&5
configure:20360: $? = 0
configure:20360: result: yes
configure:20360: checking for timegm
configure:20360: x86_64-nacl-gcc -o conftest -I/home/kit/git/zrt/include -Wall  -static -Wl,-s,-T/home/kit/zvm-sdk/x86_64-nacl/lib64/ldscripts/elf64_nacl.x.static,/home/kit/git/zrt/lib/zrt.o,-L/home/kit/git/zrt/lib,-lzrt,-lfs,-lstdc++ conftest.c  >&5
configure:20360: $? = 0
configure:20360: result: yes
configure:20360: checking for gmtime_r
configure:20360: x86_64-nacl-gcc -o conftest -I/home/kit/git/zrt/include -Wall  -static -Wl,-s,-T/home/kit/zvm-sdk/x86_64-nacl/lib64/ldscripts/elf64_nacl.x.static,/home/kit/git/zrt/lib/zrt.o,-L/home/kit/git/zrt/lib,-lzrt,-lfs,-lstdc++ conftest.c  >&5
configure:20360: $? = 0
configure:20360: result: yes
configure:20374: checking size of char
configure:20379: x86_64-nacl-gcc -c -I/home/kit/git/zrt/include -Wall  conftest.c >&5
configure:20379: $? = 0
configure:20379: x86_64-nacl-gcc -c -I/home/kit/git/zrt/include -Wall  conftest.c >&5
conftest.c: In function 'main':
conftest.c:77: error: size of array 'test_array' is negative
configure:20379: $? = 1
configure: failed program was:
| /* confdefs.h */
| #define PACKAGE_NAME "glib"
| #define PACKAGE_TARNAME "glib"
| #define PACKAGE_VERSION "2.32.4"
| #define PACKAGE_STRING "glib 2.32.4"
| #define PACKAGE_BUGREPORT "http://bugzilla.gnome.org/enter_bug.cgi?product=glib"
| #define PACKAGE_URL ""
| #define GLIB_MAJOR_VERSION 2
| #define GLIB_MINOR_VERSION 32
| #define GLIB_MICRO_VERSION 4
| #define GLIB_INTERFACE_AGE 4
| #define GLIB_BINARY_AGE 3204
| #define _GNU_SOURCE 1
| #define GETTEXT_PACKAGE "glib20"
| #define GLIB_LOCALE_DIR ""
| #define STDC_HEADERS 1
| #define HAVE_SYS_TYPES_H 1
| #define HAVE_SYS_STAT_H 1
| #define HAVE_STDLIB_H 1
| #define HAVE_STRING_H 1
| #define HAVE_MEMORY_H 1
| #define HAVE_STRINGS_H 1
| #define HAVE_INTTYPES_H 1
| #define HAVE_STDINT_H 1
| #define HAVE_UNISTD_H 1
| #define HAVE_DLFCN_H 1
| #define LT_OBJDIR ".libs/"
| #define HAVE_VPRINTF 1
| #define HAVE_ALLOCA_H 1
| #define HAVE_ALLOCA 1
| #define HAVE_MMAP 1
| #define HAVE_POSIX_MEMALIGN 1
| #define HAVE_MEMALIGN 1
| #define HAVE_VALLOC 1
| #define HAVE_FSYNC 1
| #define HAVE_ATEXIT 1
| #define HAVE_ON_EXIT 1
| #define HAVE_TIMEGM 1
| #define HAVE_GMTIME_R 1
| /* end confdefs.h.  */
| #include <stdio.h>
| #ifdef HAVE_SYS_TYPES_H
| # include <sys/types.h>
| #endif
| #ifdef HAVE_SYS_STAT_H
| # include <sys/stat.h>
| #endif
| #ifdef STDC_HEADERS
| # include <stdlib.h>
| # include <stddef.h>
| #else
| # ifdef HAVE_STDLIB_H
| #  include <stdlib.h>
| # endif
| #endif
| #ifdef HAVE_STRING_H
| # if !defined STDC_HEADERS && defined HAVE_MEMORY_H
| #  include <memory.h>
| # endif
| # include <string.h>
| #endif
| #ifdef HAVE_STRINGS_H
| # include <strings.h>
| #endif
| #ifdef HAVE_INTTYPES_H
| # include <inttypes.h>
| #endif
| #ifdef HAVE_STDINT_H
| # include <stdint.h>
| #endif
| #ifdef HAVE_UNISTD_H
| # include <unistd.h>
| #endif
| int
| main ()
| {
| static int test_array [1 - 2 * !(((long int) (sizeof (char))) <= 0)];
| test_array [0] = 0
| 
|   ;
|   return 0;
| }
configure:20379: x86_64-nacl-gcc -c -I/home/kit/git/zrt/include -Wall  conftest.c >&5
configure:20379: $? = 0
configure:20393: result: 1
configure:20407: checking size of short
configure:20412: x86_64-nacl-gcc -c -I/home/kit/git/zrt/include -Wall  conftest.c >&5
configure:20412: $? = 0
configure:20412: x86_64-nacl-gcc -c -I/home/kit/git/zrt/include -Wall  conftest.c >&5
conftest.c: In function 'main':
conftest.c:78: error: size of array 'test_array' is negative
configure:20412: $? = 1
configure: failed program was:
| /* confdefs.h */
| #define PACKAGE_NAME "glib"
| #define PACKAGE_TARNAME "glib"
| #define PACKAGE_VERSION "2.32.4"
| #define PACKAGE_STRING "glib 2.32.4"
| #define PACKAGE_BUGREPORT "http://bugzilla.gnome.org/enter_bug.cgi?product=glib"
| #define PACKAGE_URL ""
| #define GLIB_MAJOR_VERSION 2
| #define GLIB_MINOR_VERSION 32
| #define GLIB_MICRO_VERSION 4
| #define GLIB_INTERFACE_AGE 4
| #define GLIB_BINARY_AGE 3204
| #define _GNU_SOURCE 1
| #define GETTEXT_PACKAGE "glib20"
| #define GLIB_LOCALE_DIR ""
| #define STDC_HEADERS 1
| #define HAVE_SYS_TYPES_H 1
| #define HAVE_SYS_STAT_H 1
| #define HAVE_STDLIB_H 1
| #define HAVE_STRING_H 1
| #define HAVE_MEMORY_H 1
| #define HAVE_STRINGS_H 1
| #define HAVE_INTTYPES_H 1
| #define HAVE_STDINT_H 1
| #define HAVE_UNISTD_H 1
| #define HAVE_DLFCN_H 1
| #define LT_OBJDIR ".libs/"
| #define HAVE_VPRINTF 1
| #define HAVE_ALLOCA_H 1
| #define HAVE_ALLOCA 1
| #define HAVE_MMAP 1
| #define HAVE_POSIX_MEMALIGN 1
| #define HAVE_MEMALIGN 1
| #define HAVE_VALLOC 1
| #define HAVE_FSYNC 1
| #define HAVE_ATEXIT 1
| #define HAVE_ON_EXIT 1
| #define HAVE_TIMEGM 1
| #define HAVE_GMTIME_R 1
| #define SIZEOF_CHAR 1
| /* end confdefs.h.  */
| #include <stdio.h>
| #ifdef HAVE_SYS_TYPES_H
| # include <sys/types.h>
| #endif
| #ifdef HAVE_SYS_STAT_H
| # include <sys/stat.h>
| #endif
| #ifdef STDC_HEADERS
| # include <stdlib.h>
| # include <stddef.h>
| #else
| # ifdef HAVE_STDLIB_H
| #  include <stdlib.h>
| # endif
| #endif
| #ifdef HAVE_STRING_H
| # if !defined STDC_HEADERS && defined HAVE_MEMORY_H
| #  include <memory.h>
| # endif
| # include <string.h>
| #endif
| #ifdef HAVE_STRINGS_H
| # include <strings.h>
| #endif
| #ifdef HAVE_INTTYPES_H
| # include <inttypes.h>
| #endif
| #ifdef HAVE_STDINT_H
| # include <stdint.h>
| #endif
| #ifdef HAVE_UNISTD_H
| # include <unistd.h>
| #endif
| int
| main ()
| {
| static int test_array [1 - 2 * !(((long int) (sizeof (short))) <= 0)];
| test_array [0] = 0
| 
|   ;
|   return 0;
| }
configure:20412: x86_64-nacl-gcc -c -I/home/kit/git/zrt/include -Wall  conftest.c >&5
conftest.c: In function 'main':
conftest.c:78: error: size of array 'test_array' is negative
configure:20412: $? = 1
configure: failed program was:
| /* confdefs.h */
| #define PACKAGE_NAME "glib"
| #define PACKAGE_TARNAME "glib"
| #define PACKAGE_VERSION "2.32.4"
| #define PACKAGE_STRING "glib 2.32.4"
| #define PACKAGE_BUGREPORT "http://bugzilla.gnome.org/enter_bug.cgi?product=glib"
| #define PACKAGE_URL ""
| #define GLIB_MAJOR_VERSION 2
| #define GLIB_MINOR_VERSION 32
| #define GLIB_MICRO_VERSION 4
| #define GLIB_INTERFACE_AGE 4
| #define GLIB_BINARY_AGE 3204
| #define _GNU_SOURCE 1
| #define GETTEXT_PACKAGE "glib20"
| #define GLIB_LOCALE_DIR ""
| #define STDC_HEADERS 1
| #define HAVE_SYS_TYPES_H 1
| #define HAVE_SYS_STAT_H 1
| #define HAVE_STDLIB_H 1
| #define HAVE_STRING_H 1
| #define HAVE_MEMORY_H 1
| #define HAVE_STRINGS_H 1
| #define HAVE_INTTYPES_H 1
| #define HAVE_STDINT_H 1
| #define HAVE_UNISTD_H 1
| #define HAVE_DLFCN_H 1
| #define LT_OBJDIR ".libs/"
| #define HAVE_VPRINTF 1
| #define HAVE_ALLOCA_H 1
| #define HAVE_ALLOCA 1
| #define HAVE_MMAP 1
| #define HAVE_POSIX_MEMALIGN 1
| #define HAVE_MEMALIGN 1
| #define HAVE_VALLOC 1
| #define HAVE_FSYNC 1
| #define HAVE_ATEXIT 1
| #define HAVE_ON_EXIT 1
| #define HAVE_TIMEGM 1
| #define HAVE_GMTIME_R 1
| #define SIZEOF_CHAR 1
| /* end confdefs.h.  */
| #include <stdio.h>
| #ifdef HAVE_SYS_TYPES_H
| # include <sys/types.h>
| #endif
| #ifdef HAVE_SYS_STAT_H
| # include <sys/stat.h>
| #endif
| #ifdef STDC_HEADERS
| # include <stdlib.h>
| # include <stddef.h>
| #else
| # ifdef HAVE_STDLIB_H
| #  include <stdlib.h>
| # endif
| #endif
| #ifdef HAVE_STRING_H
| # if !defined STDC_HEADERS && defined HAVE_MEMORY_H
| #  include <memory.h>
| # endif
| # include <string.h>
| #endif
| #ifdef HAVE_STRINGS_H
| # include <strings.h>
| #endif
| #ifdef HAVE_INTTYPES_H
| # include <inttypes.h>
| #endif
| #ifdef HAVE_STDINT_H
| # include <stdint.h>
| #endif
| #ifdef HAVE_UNISTD_H
| # include <unistd.h>
| #endif
| int
| main ()
| {
| static int test_array [1 - 2 * !(((long int) (sizeof (short))) <= 1)];
| test_array [0] = 0
| 
|   ;
|   return 0;
| }
configure:20412: x86_64-nacl-gcc -c -I/home/kit/git/zrt/include -Wall  conftest.c >&5
configure:20412: $? = 0
configure:20412: x86_64-nacl-gcc -c -I/home/kit/git/zrt/include -Wall  conftest.c >&5
configure:20412: $? = 0
configure:20426: result: 2
configure:20440: checking size of long
configure:20445: x86_64-nacl-gcc -c -I/home/kit/git/zrt/include -Wall  conftest.c >&5
configure:20445: $? = 0
configure:20445: x86_64-nacl-gcc -c -I/home/kit/git/zrt/include -Wall  conftest.c >&5
conftest.c: In function 'main':
conftest.c:79: error: size of array 'test_array' is negative
configure:20445: $? = 1
configure: failed program was:
| /* confdefs.h */
| #define PACKAGE_NAME "glib"
| #define PACKAGE_TARNAME "glib"
| #define PACKAGE_VERSION "2.32.4"
| #define PACKAGE_STRING "glib 2.32.4"
| #define PACKAGE_BUGREPORT "http://bugzilla.gnome.org/enter_bug.cgi?product=glib"
| #define PACKAGE_URL ""
| #define GLIB_MAJOR_VERSION 2
| #define GLIB_MINOR_VERSION 32
| #define GLIB_MICRO_VERSION 4
| #define GLIB_INTERFACE_AGE 4
| #define GLIB_BINARY_AGE 3204
| #define _GNU_SOURCE 1
| #define GETTEXT_PACKAGE "glib20"
| #define GLIB_LOCALE_DIR ""
| #define STDC_HEADERS 1
| #define HAVE_SYS_TYPES_H 1
| #define HAVE_SYS_STAT_H 1
| #define HAVE_STDLIB_H 1
| #define HAVE_STRING_H 1
| #define HAVE_MEMORY_H 1
| #define HAVE_STRINGS_H 1
| #define HAVE_INTTYPES_H 1
| #define HAVE_STDINT_H 1
| #define HAVE_UNISTD_H 1
| #define HAVE_DLFCN_H 1
| #define LT_OBJDIR ".libs/"
| #define HAVE_VPRINTF 1
| #define HAVE_ALLOCA_H 1
| #define HAVE_ALLOCA 1
| #define HAVE_MMAP 1
| #define HAVE_POSIX_MEMALIGN 1
| #define HAVE_MEMALIGN 1
| #define HAVE_VALLOC 1
| #define HAVE_FSYNC 1
| #define HAVE_ATEXIT 1
| #define HAVE_ON_EXIT 1
| #define HAVE_TIMEGM 1
| #define HAVE_GMTIME_R 1
| #define SIZEOF_CHAR 1
| #define SIZEOF_SHORT 2
| /* end confdefs.h.  */
| #include <stdio.h>
| #ifdef HAVE_SYS_TYPES_H
| # include <sys/types.h>
| #endif
| #ifdef HAVE_SYS_STAT_H
| # include <sys/stat.h>
| #endif
| #ifdef STDC_HEADERS
| # include <stdlib.h>
| # include <stddef.h>
| #else
| # ifdef HAVE_STDLIB_H
| #  include <stdlib.h>
| # endif
| #endif
| #ifdef HAVE_STRING_H
| # if !defined STDC_HEADERS && defined HAVE_MEMORY_H
| #  include <memory.h>
| # endif
| # include <string.h>
| #endif
| #ifdef HAVE_STRINGS_H
| # include <strings.h>
| #endif
| #ifdef HAVE_INTTYPES_H
| # include <inttypes.h>
| #endif
| #ifdef HAVE_STDINT_H
| # include <stdint.h>
| #endif
| #ifdef HAVE_UNISTD_H
| # include <unistd.h>
| #endif
| int
| main ()
| {
| static int test_array [1 - 2 * !(((long int) (sizeof (long))) <= 0)];
| test_array [0] = 0
| 
|   ;
|   return 0;
| }
configure:20445: x86_64-nacl-gcc -c -I/home/kit/git/zrt/include -Wall  conftest.c >&5
conftest.c: In function 'main':
conftest.c:79: error: size of array 'test_array' is negative
configure:20445: $? = 1
configure: failed program was:
| /* confdefs.h */
| #define PACKAGE_NAME "glib"
| #define PACKAGE_TARNAME "glib"
| #define PACKAGE_VERSION "2.32.4"
| #define PACKAGE_STRING "glib 2.32.4"
| #define PACKAGE_BUGREPORT "http://bugzilla.gnome.org/enter_bug.cgi?product=glib"
| #define PACKAGE_URL ""
| #define GLIB_MAJOR_VERSION 2
| #define GLIB_MINOR_VERSION 32
| #define GLIB_MICRO_VERSION 4
| #define GLIB_INTERFACE_AGE 4
| #define GLIB_BINARY_AGE 3204
| #define _GNU_SOURCE 1
| #define GETTEXT_PACKAGE "glib20"
| #define GLIB_LOCALE_DIR ""
| #define STDC_HEADERS 1
| #define HAVE_SYS_TYPES_H 1
| #define HAVE_SYS_STAT_H 1
| #define HAVE_STDLIB_H 1
| #define HAVE_STRING_H 1
| #define HAVE_MEMORY_H 1
| #define HAVE_STRINGS_H 1
| #define HAVE_INTTYPES_H 1
| #define HAVE_STDINT_H 1
| #define HAVE_UNISTD_H 1
| #define HAVE_DLFCN_H 1
| #define LT_OBJDIR ".libs/"
| #define HAVE_VPRINTF 1
| #define HAVE_ALLOCA_H 1
| #define HAVE_ALLOCA 1
| #define HAVE_MMAP 1
| #define HAVE_POSIX_MEMALIGN 1
| #define HAVE_MEMALIGN 1
| #define HAVE_VALLOC 1
| #define HAVE_FSYNC 1
| #define HAVE_ATEXIT 1
| #define HAVE_ON_EXIT 1
| #define HAVE_TIMEGM 1
| #define HAVE_GMTIME_R 1
| #define SIZEOF_CHAR 1
| #define SIZEOF_SHORT 2
| /* end confdefs.h.  */
| #include <stdio.h>
| #ifdef HAVE_SYS_TYPES_H
| # include <sys/types.h>
| #endif
| #ifdef HAVE_SYS_STAT_H
| # include <sys/stat.h>
| #endif
| #ifdef STDC_HEADERS
| # include <stdlib.h>
| # include <stddef.h>
| #else
| # ifdef HAVE_STDLIB_H
| #  include <stdlib.h>
| # endif
| #endif
| #ifdef HAVE_STRING_H
| # if !defined STDC_HEADERS && defined HAVE_MEMORY_H
| #  include <memory.h>
| # endif
| # include <string.h>
| #endif
| #ifdef HAVE_STRINGS_H
| # include <strings.h>
| #endif
| #ifdef HAVE_INTTYPES_H
| # include <inttypes.h>
| #endif
| #ifdef HAVE_STDINT_H
| # include <stdint.h>
| #endif
| #ifdef HAVE_UNISTD_H
| # include <unistd.h>
| #endif
| int
| main ()
| {
| static int test_array [1 - 2 * !(((long int) (sizeof (long))) <= 1)];
| test_array [0] = 0
| 
|   ;
|   return 0;
| }
configure:20445: x86_64-nacl-gcc -c -I/home/kit/git/zrt/include -Wall  conftest.c >&5
conftest.c: In function 'main':
conftest.c:79: error: size of array 'test_array' is negative
configure:20445: $? = 1
configure: failed program was:
| /* confdefs.h */
| #define PACKAGE_NAME "glib"
| #define PACKAGE_TARNAME "glib"
| #define PACKAGE_VERSION "2.32.4"
| #define PACKAGE_STRING "glib 2.32.4"
| #define PACKAGE_BUGREPORT "http://bugzilla.gnome.org/enter_bug.cgi?product=glib"
| #define PACKAGE_URL ""
| #define GLIB_MAJOR_VERSION 2
| #define GLIB_MINOR_VERSION 32
| #define GLIB_MICRO_VERSION 4
| #define GLIB_INTERFACE_AGE 4
| #define GLIB_BINARY_AGE 3204
| #define _GNU_SOURCE 1
| #define GETTEXT_PACKAGE "glib20"
| #define GLIB_LOCALE_DIR ""
| #define STDC_HEADERS 1
| #define HAVE_SYS_TYPES_H 1
| #define HAVE_SYS_STAT_H 1
| #define HAVE_STDLIB_H 1
| #define HAVE_STRING_H 1
| #define HAVE_MEMORY_H 1
| #define HAVE_STRINGS_H 1
| #define HAVE_INTTYPES_H 1
| #define HAVE_STDINT_H 1
| #define HAVE_UNISTD_H 1
| #define HAVE_DLFCN_H 1
| #define LT_OBJDIR ".libs/"
| #define HAVE_VPRINTF 1
| #define HAVE_ALLOCA_H 1
| #define HAVE_ALLOCA 1
| #define HAVE_MMAP 1
| #define HAVE_POSIX_MEMALIGN 1
| #define HAVE_MEMALIGN 1
| #define HAVE_VALLOC 1
| #define HAVE_FSYNC 1
| #define HAVE_ATEXIT 1
| #define HAVE_ON_EXIT 1
| #define HAVE_TIMEGM 1
| #define HAVE_GMTIME_R 1
| #define SIZEOF_CHAR 1
| #define SIZEOF_SHORT 2
| /* end confdefs.h.  */
| #include <stdio.h>
| #ifdef HAVE_SYS_TYPES_H
| # include <sys/types.h>
| #endif
| #ifdef HAVE_SYS_STAT_H
| # include <sys/stat.h>
| #endif
| #ifdef STDC_HEADERS
| # include <stdlib.h>
| # include <stddef.h>
| #else
| # ifdef HAVE_STDLIB_H
| #  include <stdlib.h>
| # endif
| #endif
| #ifdef HAVE_STRING_H
| # if !defined STDC_HEADERS && defined HAVE_MEMORY_H
| #  include <memory.h>
| # endif
| # include <string.h>
| #endif
| #ifdef HAVE_STRINGS_H
| # include <strings.h>
| #endif
| #ifdef HAVE_INTTYPES_H
| # include <inttypes.h>
| #endif
| #ifdef HAVE_STDINT_H
| # include <stdint.h>
| #endif
| #ifdef HAVE_UNISTD_H
| # include <unistd.h>
| #endif
| int
| main ()
| {
| static int test_array [1 - 2 * !(((long int) (sizeof (long))) <= 3)];
| test_array [0] = 0
| 
|   ;
|   return 0;
| }
configure:20445: x86_64-nacl-gcc -c -I/home/kit/git/zrt/include -Wall  conftest.c >&5
configure:20445: $? = 0
configure:20445: x86_64-nacl-gcc -c -I/home/kit/git/zrt/include -Wall  conftest.c >&5
configure:20445: $? = 0
configure:20445: x86_64-nacl-gcc -c -I/home/kit/git/zrt/include -Wall  conftest.c >&5
configure:20445: $? = 0
configure:20459: result: 4
configure:20473: checking size of int
configure:20478: x86_64-nacl-gcc -c -I/home/kit/git/zrt/include -Wall  conftest.c >&5
configure:20478: $? = 0
configure:20478: x86_64-nacl-gcc -c -I/home/kit/git/zrt/include -Wall  conftest.c >&5
conftest.c: In function 'main':
conftest.c:80: error: size of array 'test_array' is negative
configure:20478: $? = 1
configure: failed program was:
| /* confdefs.h */
| #define PACKAGE_NAME "glib"
| #define PACKAGE_TARNAME "glib"
| #define PACKAGE_VERSION "2.32.4"
| #define PACKAGE_STRING "glib 2.32.4"
| #define PACKAGE_BUGREPORT "http://bugzilla.gnome.org/enter_bug.cgi?product=glib"
| #define PACKAGE_URL ""
| #define GLIB_MAJOR_VERSION 2
| #define GLIB_MINOR_VERSION 32
| #define GLIB_MICRO_VERSION 4
| #define GLIB_INTERFACE_AGE 4
| #define GLIB_BINARY_AGE 3204
| #define _GNU_SOURCE 1
| #define GETTEXT_PACKAGE "glib20"
| #define GLIB_LOCALE_DIR ""
| #define STDC_HEADERS 1
| #define HAVE_SYS_TYPES_H 1
| #define HAVE_SYS_STAT_H 1
| #define HAVE_STDLIB_H 1
| #define HAVE_STRING_H 1
| #define HAVE_MEMORY_H 1
| #define HAVE_STRINGS_H 1
| #define HAVE_INTTYPES_H 1
| #define HAVE_STDINT_H 1
| #define HAVE_UNISTD_H 1
| #define HAVE_DLFCN_H 1
| #define LT_OBJDIR ".libs/"
| #define HAVE_VPRINTF 1
| #define HAVE_ALLOCA_H 1
| #define HAVE_ALLOCA 1
| #define HAVE_MMAP 1
| #define HAVE_POSIX_MEMALIGN 1
| #define HAVE_MEMALIGN 1
| #define HAVE_VALLOC 1
| #define HAVE_FSYNC 1
| #define HAVE_ATEXIT 1
| #define HAVE_ON_EXIT 1
| #define HAVE_TIMEGM 1
| #define HAVE_GMTIME_R 1
| #define SIZEOF_CHAR 1
| #define SIZEOF_SHORT 2
| #define SIZEOF_LONG 4
| /* end confdefs.h.  */
| #include <stdio.h>
| #ifdef HAVE_SYS_TYPES_H
| # include <sys/types.h>
| #endif
| #ifdef HAVE_SYS_STAT_H
| # include <sys/stat.h>
| #endif
| #ifdef STDC_HEADERS
| # include <stdlib.h>
| # include <stddef.h>
| #else
| # ifdef HAVE_STDLIB_H
| #  include <stdlib.h>
| # endif
| #endif
| #ifdef HAVE_STRING_H
| # if !defined STDC_HEADERS && defined HAVE_MEMORY_H
| #  include <memory.h>
| # endif
| # include <string.h>
| #endif
| #ifdef HAVE_STRINGS_H
| # include <strings.h>
| #endif
| #ifdef HAVE_INTTYPES_H
| # include <inttypes.h>
| #endif
| #ifdef HAVE_STDINT_H
| # include <stdint.h>
| #endif
| #ifdef HAVE_UNISTD_H
| # include <unistd.h>
| #endif
| int
| main ()
| {
| static int test_array [1 - 2 * !(((long int) (sizeof (int))) <= 0)];
| test_array [0] = 0
| 
|   ;
|   return 0;
| }
configure:20478: x86_64-nacl-gcc -c -I/home/kit/git/zrt/include -Wall  conftest.c >&5
conftest.c: In function 'main':
conftest.c:80: error: size of array 'test_array' is negative
configure:20478: $? = 1
configure: failed program was:
| /* confdefs.h */
| #define PACKAGE_NAME "glib"
| #define PACKAGE_TARNAME "glib"
| #define PACKAGE_VERSION "2.32.4"
| #define PACKAGE_STRING "glib 2.32.4"
| #define PACKAGE_BUGREPORT "http://bugzilla.gnome.org/enter_bug.cgi?product=glib"
| #define PACKAGE_URL ""
| #define GLIB_MAJOR_VERSION 2
| #define GLIB_MINOR_VERSION 32
| #define GLIB_MICRO_VERSION 4
| #define GLIB_INTERFACE_AGE 4
| #define GLIB_BINARY_AGE 3204
| #define _GNU_SOURCE 1
| #define GETTEXT_PACKAGE "glib20"
| #define GLIB_LOCALE_DIR ""
| #define STDC_HEADERS 1
| #define HAVE_SYS_TYPES_H 1
| #define HAVE_SYS_STAT_H 1
| #define HAVE_STDLIB_H 1
| #define HAVE_STRING_H 1
| #define HAVE_MEMORY_H 1
| #define HAVE_STRINGS_H 1
| #define HAVE_INTTYPES_H 1
| #define HAVE_STDINT_H 1
| #define HAVE_UNISTD_H 1
| #define HAVE_DLFCN_H 1
| #define LT_OBJDIR ".libs/"
| #define HAVE_VPRINTF 1
| #define HAVE_ALLOCA_H 1
| #define HAVE_ALLOCA 1
| #define HAVE_MMAP 1
| #define HAVE_POSIX_MEMALIGN 1
| #define HAVE_MEMALIGN 1
| #define HAVE_VALLOC 1
| #define HAVE_FSYNC 1
| #define HAVE_ATEXIT 1
| #define HAVE_ON_EXIT 1
| #define HAVE_TIMEGM 1
| #define HAVE_GMTIME_R 1
| #define SIZEOF_CHAR 1
| #define SIZEOF_SHORT 2
| #define SIZEOF_LONG 4
| /* end confdefs.h.  */
| #include <stdio.h>
| #ifdef HAVE_SYS_TYPES_H
| # include <sys/types.h>
| #endif
| #ifdef HAVE_SYS_STAT_H
| # include <sys/stat.h>
| #endif
| #ifdef STDC_HEADERS
| # include <stdlib.h>
| # include <stddef.h>
| #else
| # ifdef HAVE_STDLIB_H
| #  include <stdlib.h>
| # endif
| #endif
| #ifdef HAVE_STRING_H
| # if !defined STDC_HEADERS && defined HAVE_MEMORY_H
| #  include <memory.h>
| # endif
| # include <string.h>
| #endif
| #ifdef HAVE_STRINGS_H
| # include <strings.h>
| #endif
| #ifdef HAVE_INTTYPES_H
| # include <inttypes.h>
| #endif
| #ifdef HAVE_STDINT_H
| # include <stdint.h>
| #endif
| #ifdef HAVE_UNISTD_H
| # include <unistd.h>
| #endif
| int
| main ()
| {
| static int test_array [1 - 2 * !(((long int) (sizeof (int))) <= 1)];
| test_array [0] = 0
| 
|   ;
|   return 0;
| }
configure:20478: x86_64-nacl-gcc -c -I/home/kit/git/zrt/include -Wall  conftest.c >&5
conftest.c: In function 'main':
conftest.c:80: error: size of array 'test_array' is negative
configure:20478: $? = 1
configure: failed program was:
| /* confdefs.h */
| #define PACKAGE_NAME "glib"
| #define PACKAGE_TARNAME "glib"
| #define PACKAGE_VERSION "2.32.4"
| #define PACKAGE_STRING "glib 2.32.4"
| #define PACKAGE_BUGREPORT "http://bugzilla.gnome.org/enter_bug.cgi?product=glib"
| #define PACKAGE_URL ""
| #define GLIB_MAJOR_VERSION 2
| #define GLIB_MINOR_VERSION 32
| #define GLIB_MICRO_VERSION 4
| #define GLIB_INTERFACE_AGE 4
| #define GLIB_BINARY_AGE 3204
| #define _GNU_SOURCE 1
| #define GETTEXT_PACKAGE "glib20"
| #define GLIB_LOCALE_DIR ""
| #define STDC_HEADERS 1
| #define HAVE_SYS_TYPES_H 1
| #define HAVE_SYS_STAT_H 1
| #define HAVE_STDLIB_H 1
| #define HAVE_STRING_H 1
| #define HAVE_MEMORY_H 1
| #define HAVE_STRINGS_H 1
| #define HAVE_INTTYPES_H 1
| #define HAVE_STDINT_H 1
| #define HAVE_UNISTD_H 1
| #define HAVE_DLFCN_H 1
| #define LT_OBJDIR ".libs/"
| #define HAVE_VPRINTF 1
| #define HAVE_ALLOCA_H 1
| #define HAVE_ALLOCA 1
| #define HAVE_MMAP 1
| #define HAVE_POSIX_MEMALIGN 1
| #define HAVE_MEMALIGN 1
| #define HAVE_VALLOC 1
| #define HAVE_FSYNC 1
| #define HAVE_ATEXIT 1
| #define HAVE_ON_EXIT 1
| #define HAVE_TIMEGM 1
| #define HAVE_GMTIME_R 1
| #define SIZEOF_CHAR 1
| #define SIZEOF_SHORT 2
| #define SIZEOF_LONG 4
| /* end confdefs.h.  */
| #include <stdio.h>
| #ifdef HAVE_SYS_TYPES_H
| # include <sys/types.h>
| #endif
| #ifdef HAVE_SYS_STAT_H
| # include <sys/stat.h>
| #endif
| #ifdef STDC_HEADERS
| # include <stdlib.h>
| # include <stddef.h>
| #else
| # ifdef HAVE_STDLIB_H
| #  include <stdlib.h>
| # endif
| #endif
| #ifdef HAVE_STRING_H
| # if !defined STDC_HEADERS && defined HAVE_MEMORY_H
| #  include <memory.h>
| # endif
| # include <string.h>
| #endif
| #ifdef HAVE_STRINGS_H
| # include <strings.h>
| #endif
| #ifdef HAVE_INTTYPES_H
| # include <inttypes.h>
| #endif
| #ifdef HAVE_STDINT_H
| # include <stdint.h>
| #endif
| #ifdef HAVE_UNISTD_H
| # include <unistd.h>
| #endif
| int
| main ()
| {
| static int test_array [1 - 2 * !(((long int) (sizeof (int))) <= 3)];
| test_array [0] = 0
| 
|   ;
|   return 0;
| }
configure:20478: x86_64-nacl-gcc -c -I/home/kit/git/zrt/include -Wall  conftest.c >&5
configure:20478: $? = 0
configure:20478: x86_64-nacl-gcc -c -I/home/kit/git/zrt/include -Wall  conftest.c >&5
configure:20478: $? = 0
configure:20478: x86_64-nacl-gcc -c -I/home/kit/git/zrt/include -Wall  conftest.c >&5
configure:20478: $? = 0
configure:20492: result: 4
configure:20506: checking size of void *
configure:20511: x86_64-nacl-gcc -c -I/home/kit/git/zrt/include -Wall  conftest.c >&5
configure:20511: $? = 0
configure:20511: x86_64-nacl-gcc -c -I/home/kit/git/zrt/include -Wall  conftest.c >&5
conftest.c: In function 'main':
conftest.c:81: error: size of array 'test_array' is negative
configure:20511: $? = 1
configure: failed program was:
| /* confdefs.h */
| #define PACKAGE_NAME "glib"
| #define PACKAGE_TARNAME "glib"
| #define PACKAGE_VERSION "2.32.4"
| #define PACKAGE_STRING "glib 2.32.4"
| #define PACKAGE_BUGREPORT "http://bugzilla.gnome.org/enter_bug.cgi?product=glib"
| #define PACKAGE_URL ""
| #define GLIB_MAJOR_VERSION 2
| #define GLIB_MINOR_VERSION 32
| #define GLIB_MICRO_VERSION 4
| #define GLIB_INTERFACE_AGE 4
| #define GLIB_BINARY_AGE 3204
| #define _GNU_SOURCE 1
| #define GETTEXT_PACKAGE "glib20"
| #define GLIB_LOCALE_DIR ""
| #define STDC_HEADERS 1
| #define HAVE_SYS_TYPES_H 1
| #define HAVE_SYS_STAT_H 1
| #define HAVE_STDLIB_H 1
| #define HAVE_STRING_H 1
| #define HAVE_MEMORY_H 1
| #define HAVE_STRINGS_H 1
| #define HAVE_INTTYPES_H 1
| #define HAVE_STDINT_H 1
| #define HAVE_UNISTD_H 1
| #define HAVE_DLFCN_H 1
| #define LT_OBJDIR ".libs/"
| #define HAVE_VPRINTF 1
| #define HAVE_ALLOCA_H 1
| #define HAVE_ALLOCA 1
| #define HAVE_MMAP 1
| #define HAVE_POSIX_MEMALIGN 1
| #define HAVE_MEMALIGN 1
| #define HAVE_VALLOC 1
| #define HAVE_FSYNC 1
| #define HAVE_ATEXIT 1
| #define HAVE_ON_EXIT 1
| #define HAVE_TIMEGM 1
| #define HAVE_GMTIME_R 1
| #define SIZEOF_CHAR 1
| #define SIZEOF_SHORT 2
| #define SIZEOF_LONG 4
| #define SIZEOF_INT 4
| /* end confdefs.h.  */
| #include <stdio.h>
| #ifdef HAVE_SYS_TYPES_H
| # include <sys/types.h>
| #endif
| #ifdef HAVE_SYS_STAT_H
| # include <sys/stat.h>
| #endif
| #ifdef STDC_HEADERS
| # include <stdlib.h>
| # include <stddef.h>
| #else
| # ifdef HAVE_STDLIB_H
| #  include <stdlib.h>
| # endif
| #endif
| #ifdef HAVE_STRING_H
| # if !defined STDC_HEADERS && defined HAVE_MEMORY_H
| #  include <memory.h>
| # endif
| # include <string.h>
| #endif
| #ifdef HAVE_STRINGS_H
| # include <strings.h>
| #endif
| #ifdef HAVE_INTTYPES_H
| # include <inttypes.h>
| #endif
| #ifdef HAVE_STDINT_H
| # include <stdint.h>
| #endif
| #ifdef HAVE_UNISTD_H
| # include <unistd.h>
| #endif
| int
| main ()
| {
| static int test_array [1 - 2 * !(((long int) (sizeof (void *))) <= 0)];
| test_array [0] = 0
| 
|   ;
|   return 0;
| }
configure:20511: x86_64-nacl-gcc -c -I/home/kit/git/zrt/include -Wall  conftest.c >&5
conftest.c: In function 'main':
conftest.c:81: error: size of array 'test_array' is negative
configure:20511: $? = 1
configure: failed program was:
| /* confdefs.h */
| #define PACKAGE_NAME "glib"
| #define PACKAGE_TARNAME "glib"
| #define PACKAGE_VERSION "2.32.4"
| #define PACKAGE_STRING "glib 2.32.4"
| #define PACKAGE_BUGREPORT "http://bugzilla.gnome.org/enter_bug.cgi?product=glib"
| #define PACKAGE_URL ""
| #define GLIB_MAJOR_VERSION 2
| #define GLIB_MINOR_VERSION 32
| #define GLIB_MICRO_VERSION 4
| #define GLIB_INTERFACE_AGE 4
| #define GLIB_BINARY_AGE 3204
| #define _GNU_SOURCE 1
| #define GETTEXT_PACKAGE "glib20"
| #define GLIB_LOCALE_DIR ""
| #define STDC_HEADERS 1
| #define HAVE_SYS_TYPES_H 1
| #define HAVE_SYS_STAT_H 1
| #define HAVE_STDLIB_H 1
| #define HAVE_STRING_H 1
| #define HAVE_MEMORY_H 1
| #define HAVE_STRINGS_H 1
| #define HAVE_INTTYPES_H 1
| #define HAVE_STDINT_H 1
| #define HAVE_UNISTD_H 1
| #define HAVE_DLFCN_H 1
| #define LT_OBJDIR ".libs/"
| #define HAVE_VPRINTF 1
| #define HAVE_ALLOCA_H 1
| #define HAVE_ALLOCA 1
| #define HAVE_MMAP 1
| #define HAVE_POSIX_MEMALIGN 1
| #define HAVE_MEMALIGN 1
| #define HAVE_VALLOC 1
| #define HAVE_FSYNC 1
| #define HAVE_ATEXIT 1
| #define HAVE_ON_EXIT 1
| #define HAVE_TIMEGM 1
| #define HAVE_GMTIME_R 1
| #define SIZEOF_CHAR 1
| #define SIZEOF_SHORT 2
| #define SIZEOF_LONG 4
| #define SIZEOF_INT 4
| /* end confdefs.h.  */
| #include <stdio.h>
| #ifdef HAVE_SYS_TYPES_H
| # include <sys/types.h>
| #endif
| #ifdef HAVE_SYS_STAT_H
| # include <sys/stat.h>
| #endif
| #ifdef STDC_HEADERS
| # include <stdlib.h>
| # include <stddef.h>
| #else
| # ifdef HAVE_STDLIB_H
| #  include <stdlib.h>
| # endif
| #endif
| #ifdef HAVE_STRING_H
| # if !defined STDC_HEADERS && defined HAVE_MEMORY_H
| #  include <memory.h>
| # endif
| # include <string.h>
| #endif
| #ifdef HAVE_STRINGS_H
| # include <strings.h>
| #endif
| #ifdef HAVE_INTTYPES_H
| # include <inttypes.h>
| #endif
| #ifdef HAVE_STDINT_H
| # include <stdint.h>
| #endif
| #ifdef HAVE_UNISTD_H
| # include <unistd.h>
| #endif
| int
| main ()
| {
| static int test_array [1 - 2 * !(((long int) (sizeof (void *))) <= 1)];
| test_array [0] = 0
| 
|   ;
|   return 0;
| }
configure:20511: x86_64-nacl-gcc -c -I/home/kit/git/zrt/include -Wall  conftest.c >&5
conftest.c: In function 'main':
conftest.c:81: error: size of array 'test_array' is negative
configure:20511: $? = 1
configure: failed program was:
| /* confdefs.h */
| #define PACKAGE_NAME "glib"
| #define PACKAGE_TARNAME "glib"
| #define PACKAGE_VERSION "2.32.4"
| #define PACKAGE_STRING "glib 2.32.4"
| #define PACKAGE_BUGREPORT "http://bugzilla.gnome.org/enter_bug.cgi?product=glib"
| #define PACKAGE_URL ""
| #define GLIB_MAJOR_VERSION 2
| #define GLIB_MINOR_VERSION 32
| #define GLIB_MICRO_VERSION 4
| #define GLIB_INTERFACE_AGE 4
| #define GLIB_BINARY_AGE 3204
| #define _GNU_SOURCE 1
| #define GETTEXT_PACKAGE "glib20"
| #define GLIB_LOCALE_DIR ""
| #define STDC_HEADERS 1
| #define HAVE_SYS_TYPES_H 1
| #define HAVE_SYS_STAT_H 1
| #define HAVE_STDLIB_H 1
| #define HAVE_STRING_H 1
| #define HAVE_MEMORY_H 1
| #define HAVE_STRINGS_H 1
| #define HAVE_INTTYPES_H 1
| #define HAVE_STDINT_H 1
| #define HAVE_UNISTD_H 1
| #define HAVE_DLFCN_H 1
| #define LT_OBJDIR ".libs/"
| #define HAVE_VPRINTF 1
| #define HAVE_ALLOCA_H 1
| #define HAVE_ALLOCA 1
| #define HAVE_MMAP 1
| #define HAVE_POSIX_MEMALIGN 1
| #define HAVE_MEMALIGN 1
| #define HAVE_VALLOC 1
| #define HAVE_FSYNC 1
| #define HAVE_ATEXIT 1
| #define HAVE_ON_EXIT 1
| #define HAVE_TIMEGM 1
| #define HAVE_GMTIME_R 1
| #define SIZEOF_CHAR 1
| #define SIZEOF_SHORT 2
| #define SIZEOF_LONG 4
| #define SIZEOF_INT 4
| /* end confdefs.h.  */
| #include <stdio.h>
| #ifdef HAVE_SYS_TYPES_H
| # include <sys/types.h>
| #endif
| #ifdef HAVE_SYS_STAT_H
| # include <sys/stat.h>
| #endif
| #ifdef STDC_HEADERS
| # include <stdlib.h>
| # include <stddef.h>
| #else
| # ifdef HAVE_STDLIB_H
| #  include <stdlib.h>
| # endif
| #endif
| #ifdef HAVE_STRING_H
| # if !defined STDC_HEADERS && defined HAVE_MEMORY_H
| #  include <memory.h>
| # endif
| # include <string.h>
| #endif
| #ifdef HAVE_STRINGS_H
| # include <strings.h>
| #endif
| #ifdef HAVE_INTTYPES_H
| # include <inttypes.h>
| #endif
| #ifdef HAVE_STDINT_H
| # include <stdint.h>
| #endif
| #ifdef HAVE_UNISTD_H
| # include <unistd.h>
| #endif
| int
| main ()
| {
| static int test_array [1 - 2 * !(((long int) (sizeof (void *))) <= 3)];
| test_array [0] = 0
| 
|   ;
|   return 0;
| }
configure:20511: x86_64-nacl-gcc -c -I/home/kit/git/zrt/include -Wall  conftest.c >&5
configure:20511: $? = 0
configure:20511: x86_64-nacl-gcc -c -I/home/kit/git/zrt/include -Wall  conftest.c >&5
configure:20511: $? = 0
configure:20511: x86_64-nacl-gcc -c -I/home/kit/git/zrt/include -Wall  conftest.c >&5
configure:20511: $? = 0
configure:20525: result: 4
configure:20539: checking size of long long
configure:20544: x86_64-nacl-gcc -c -I/home/kit/git/zrt/include -Wall  conftest.c >&5
configure:20544: $? = 0
configure:20544: x86_64-nacl-gcc -c -I/home/kit/git/zrt/include -Wall  conftest.c >&5
conftest.c: In function 'main':
conftest.c:82: error: size of array 'test_array' is negative
configure:20544: $? = 1
configure: failed program was:
| /* confdefs.h */
| #define PACKAGE_NAME "glib"
| #define PACKAGE_TARNAME "glib"
| #define PACKAGE_VERSION "2.32.4"
| #define PACKAGE_STRING "glib 2.32.4"
| #define PACKAGE_BUGREPORT "http://bugzilla.gnome.org/enter_bug.cgi?product=glib"
| #define PACKAGE_URL ""
| #define GLIB_MAJOR_VERSION 2
| #define GLIB_MINOR_VERSION 32
| #define GLIB_MICRO_VERSION 4
| #define GLIB_INTERFACE_AGE 4
| #define GLIB_BINARY_AGE 3204
| #define _GNU_SOURCE 1
| #define GETTEXT_PACKAGE "glib20"
| #define GLIB_LOCALE_DIR ""
| #define STDC_HEADERS 1
| #define HAVE_SYS_TYPES_H 1
| #define HAVE_SYS_STAT_H 1
| #define HAVE_STDLIB_H 1
| #define HAVE_STRING_H 1
| #define HAVE_MEMORY_H 1
| #define HAVE_STRINGS_H 1
| #define HAVE_INTTYPES_H 1
| #define HAVE_STDINT_H 1
| #define HAVE_UNISTD_H 1
| #define HAVE_DLFCN_H 1
| #define LT_OBJDIR ".libs/"
| #define HAVE_VPRINTF 1
| #define HAVE_ALLOCA_H 1
| #define HAVE_ALLOCA 1
| #define HAVE_MMAP 1
| #define HAVE_POSIX_MEMALIGN 1
| #define HAVE_MEMALIGN 1
| #define HAVE_VALLOC 1
| #define HAVE_FSYNC 1
| #define HAVE_ATEXIT 1
| #define HAVE_ON_EXIT 1
| #define HAVE_TIMEGM 1
| #define HAVE_GMTIME_R 1
| #define SIZEOF_CHAR 1
| #define SIZEOF_SHORT 2
| #define SIZEOF_LONG 4
| #define SIZEOF_INT 4
| #define SIZEOF_VOID_P 4
| /* end confdefs.h.  */
| #include <stdio.h>
| #ifdef HAVE_SYS_TYPES_H
| # include <sys/types.h>
| #endif
| #ifdef HAVE_SYS_STAT_H
| # include <sys/stat.h>
| #endif
| #ifdef STDC_HEADERS
| # include <stdlib.h>
| # include <stddef.h>
| #else
| # ifdef HAVE_STDLIB_H
| #  include <stdlib.h>
| # endif
| #endif
| #ifdef HAVE_STRING_H
| # if !defined STDC_HEADERS && defined HAVE_MEMORY_H
| #  include <memory.h>
| # endif
| # include <string.h>
| #endif
| #ifdef HAVE_STRINGS_H
| # include <strings.h>
| #endif
| #ifdef HAVE_INTTYPES_H
| # include <inttypes.h>
| #endif
| #ifdef HAVE_STDINT_H
| # include <stdint.h>
| #endif
| #ifdef HAVE_UNISTD_H
| # include <unistd.h>
| #endif
| int
| main ()
| {
| static int test_array [1 - 2 * !(((long int) (sizeof (long long))) <= 0)];
| test_array [0] = 0
| 
|   ;
|   return 0;
| }
configure:20544: x86_64-nacl-gcc -c -I/home/kit/git/zrt/include -Wall  conftest.c >&5
conftest.c: In function 'main':
conftest.c:82: error: size of array 'test_array' is negative
configure:20544: $? = 1
configure: failed program was:
| /* confdefs.h */
| #define PACKAGE_NAME "glib"
| #define PACKAGE_TARNAME "glib"
| #define PACKAGE_VERSION "2.32.4"
| #define PACKAGE_STRING "glib 2.32.4"
| #define PACKAGE_BUGREPORT "http://bugzilla.gnome.org/enter_bug.cgi?product=glib"
| #define PACKAGE_URL ""
| #define GLIB_MAJOR_VERSION 2
| #define GLIB_MINOR_VERSION 32
| #define GLIB_MICRO_VERSION 4
| #define GLIB_INTERFACE_AGE 4
| #define GLIB_BINARY_AGE 3204
| #define _GNU_SOURCE 1
| #define GETTEXT_PACKAGE "glib20"
| #define GLIB_LOCALE_DIR ""
| #define STDC_HEADERS 1
| #define HAVE_SYS_TYPES_H 1
| #define HAVE_SYS_STAT_H 1
| #define HAVE_STDLIB_H 1
| #define HAVE_STRING_H 1
| #define HAVE_MEMORY_H 1
| #define HAVE_STRINGS_H 1
| #define HAVE_INTTYPES_H 1
| #define HAVE_STDINT_H 1
| #define HAVE_UNISTD_H 1
| #define HAVE_DLFCN_H 1
| #define LT_OBJDIR ".libs/"
| #define HAVE_VPRINTF 1
| #define HAVE_ALLOCA_H 1
| #define HAVE_ALLOCA 1
| #define HAVE_MMAP 1
| #define HAVE_POSIX_MEMALIGN 1
| #define HAVE_MEMALIGN 1
| #define HAVE_VALLOC 1
| #define HAVE_FSYNC 1
| #define HAVE_ATEXIT 1
| #define HAVE_ON_EXIT 1
| #define HAVE_TIMEGM 1
| #define HAVE_GMTIME_R 1
| #define SIZEOF_CHAR 1
| #define SIZEOF_SHORT 2
| #define SIZEOF_LONG 4
| #define SIZEOF_INT 4
| #define SIZEOF_VOID_P 4
| /* end confdefs.h.  */
| #include <stdio.h>
| #ifdef HAVE_SYS_TYPES_H
| # include <sys/types.h>
| #endif
| #ifdef HAVE_SYS_STAT_H
| # include <sys/stat.h>
| #endif
| #ifdef STDC_HEADERS
| # include <stdlib.h>
| # include <stddef.h>
| #else
| # ifdef HAVE_STDLIB_H
| #  include <stdlib.h>
| # endif
| #endif
| #ifdef HAVE_STRING_H
| # if !defined STDC_HEADERS && defined HAVE_MEMORY_H
| #  include <memory.h>
| # endif
| # include <string.h>
| #endif
| #ifdef HAVE_STRINGS_H
| # include <strings.h>
| #endif
| #ifdef HAVE_INTTYPES_H
| # include <inttypes.h>
| #endif
| #ifdef HAVE_STDINT_H
| # include <stdint.h>
| #endif
| #ifdef HAVE_UNISTD_H
| # include <unistd.h>
| #endif
| int
| main ()
| {
| static int test_array [1 - 2 * !(((long int) (sizeof (long long))) <= 1)];
| test_array [0] = 0
| 
|   ;
|   return 0;
| }
configure:20544: x86_64-nacl-gcc -c -I/home/kit/git/zrt/include -Wall  conftest.c >&5
conftest.c: In function 'main':
conftest.c:82: error: size of array 'test_array' is negative
configure:20544: $? = 1
configure: failed program was:
| /* confdefs.h */
| #define PACKAGE_NAME "glib"
| #define PACKAGE_TARNAME "glib"
| #define PACKAGE_VERSION "2.32.4"
| #define PACKAGE_STRING "glib 2.32.4"
| #define PACKAGE_BUGREPORT "http://bugzilla.gnome.org/enter_bug.cgi?product=glib"
| #define PACKAGE_URL ""
| #define GLIB_MAJOR_VERSION 2
| #define GLIB_MINOR_VERSION 32
| #define GLIB_MICRO_VERSION 4
| #define GLIB_INTERFACE_AGE 4
| #define GLIB_BINARY_AGE 3204
| #define _GNU_SOURCE 1
| #define GETTEXT_PACKAGE "glib20"
| #define GLIB_LOCALE_DIR ""
| #define STDC_HEADERS 1
| #define HAVE_SYS_TYPES_H 1
| #define HAVE_SYS_STAT_H 1
| #define HAVE_STDLIB_H 1
| #define HAVE_STRING_H 1
| #define HAVE_MEMORY_H 1
| #define HAVE_STRINGS_H 1
| #define HAVE_INTTYPES_H 1
| #define HAVE_STDINT_H 1
| #define HAVE_UNISTD_H 1
| #define HAVE_DLFCN_H 1
| #define LT_OBJDIR ".libs/"
| #define HAVE_VPRINTF 1
| #define HAVE_ALLOCA_H 1
| #define HAVE_ALLOCA 1
| #define HAVE_MMAP 1
| #define HAVE_POSIX_MEMALIGN 1
| #define HAVE_MEMALIGN 1
| #define HAVE_VALLOC 1
| #define HAVE_FSYNC 1
| #define HAVE_ATEXIT 1
| #define HAVE_ON_EXIT 1
| #define HAVE_TIMEGM 1
| #define HAVE_GMTIME_R 1
| #define SIZEOF_CHAR 1
| #define SIZEOF_SHORT 2
| #define SIZEOF_LONG 4
| #define SIZEOF_INT 4
| #define SIZEOF_VOID_P 4
| /* end confdefs.h.  */
| #include <stdio.h>
| #ifdef HAVE_SYS_TYPES_H
| # include <sys/types.h>
| #endif
| #ifdef HAVE_SYS_STAT_H
| # include <sys/stat.h>
| #endif
| #ifdef STDC_HEADERS
| # include <stdlib.h>
| # include <stddef.h>
| #else
| # ifdef HAVE_STDLIB_H
| #  include <stdlib.h>
| # endif
| #endif
| #ifdef HAVE_STRING_H
| # if !defined STDC_HEADERS && defined HAVE_MEMORY_H
| #  include <memory.h>
| # endif
| # include <string.h>
| #endif
| #ifdef HAVE_STRINGS_H
| # include <strings.h>
| #endif
| #ifdef HAVE_INTTYPES_H
| # include <inttypes.h>
| #endif
| #ifdef HAVE_STDINT_H
| # include <stdint.h>
| #endif
| #ifdef HAVE_UNISTD_H
| # include <unistd.h>
| #endif
| int
| main ()
| {
| static int test_array [1 - 2 * !(((long int) (sizeof (long long))) <= 3)];
| test_array [0] = 0
| 
|   ;
|   return 0;
| }
configure:20544: x86_64-nacl-gcc -c -I/home/kit/git/zrt/include -Wall  conftest.c >&5
conftest.c: In function 'main':
conftest.c:82: error: size of array 'test_array' is negative
configure:20544: $? = 1
configure: failed program was:
| /* confdefs.h */
| #define PACKAGE_NAME "glib"
| #define PACKAGE_TARNAME "glib"
| #define PACKAGE_VERSION "2.32.4"
| #define PACKAGE_STRING "glib 2.32.4"
| #define PACKAGE_BUGREPORT "http://bugzilla.gnome.org/enter_bug.cgi?product=glib"
| #define PACKAGE_URL ""
| #define GLIB_MAJOR_VERSION 2
| #define GLIB_MINOR_VERSION 32
| #define GLIB_MICRO_VERSION 4
| #define GLIB_INTERFACE_AGE 4
| #define GLIB_BINARY_AGE 3204
| #define _GNU_SOURCE 1
| #define GETTEXT_PACKAGE "glib20"
| #define GLIB_LOCALE_DIR ""
| #define STDC_HEADERS 1
| #define HAVE_SYS_TYPES_H 1
| #define HAVE_SYS_STAT_H 1
| #define HAVE_STDLIB_H 1
| #define HAVE_STRING_H 1
| #define HAVE_MEMORY_H 1
| #define HAVE_STRINGS_H 1
| #define HAVE_INTTYPES_H 1
| #define HAVE_STDINT_H 1
| #define HAVE_UNISTD_H 1
| #define HAVE_DLFCN_H 1
| #define LT_OBJDIR ".libs/"
| #define HAVE_VPRINTF 1
| #define HAVE_ALLOCA_H 1
| #define HAVE_ALLOCA 1
| #define HAVE_MMAP 1
| #define HAVE_POSIX_MEMALIGN 1
| #define HAVE_MEMALIGN 1
| #define HAVE_VALLOC 1
| #define HAVE_FSYNC 1
| #define HAVE_ATEXIT 1
| #define HAVE_ON_EXIT 1
| #define HAVE_TIMEGM 1
| #define HAVE_GMTIME_R 1
| #define SIZEOF_CHAR 1
| #define SIZEOF_SHORT 2
| #define SIZEOF_LONG 4
| #define SIZEOF_INT 4
| #define SIZEOF_VOID_P 4
| /* end confdefs.h.  */
| #include <stdio.h>
| #ifdef HAVE_SYS_TYPES_H
| # include <sys/types.h>
| #endif
| #ifdef HAVE_SYS_STAT_H
| # include <sys/stat.h>
| #endif
| #ifdef STDC_HEADERS
| # include <stdlib.h>
| # include <stddef.h>
| #else
| # ifdef HAVE_STDLIB_H
| #  include <stdlib.h>
| # endif
| #endif
| #ifdef HAVE_STRING_H
| # if !defined STDC_HEADERS && defined HAVE_MEMORY_H
| #  include <memory.h>
| # endif
| # include <string.h>
| #endif
| #ifdef HAVE_STRINGS_H
| # include <strings.h>
| #endif
| #ifdef HAVE_INTTYPES_H
| # include <inttypes.h>
| #endif
| #ifdef HAVE_STDINT_H
| # include <stdint.h>
| #endif
| #ifdef HAVE_UNISTD_H
| # include <unistd.h>
| #endif
| int
| main ()
| {
| static int test_array [1 - 2 * !(((long int) (sizeof (long long))) <= 7)];
| test_array [0] = 0
| 
|   ;
|   return 0;
| }
configure:20544: x86_64-nacl-gcc -c -I/home/kit/git/zrt/include -Wall  conftest.c >&5
configure:20544: $? = 0
configure:20544: x86_64-nacl-gcc -c -I/home/kit/git/zrt/include -Wall  conftest.c >&5
configure:20544: $? = 0
configure:20544: x86_64-nacl-gcc -c -I/home/kit/git/zrt/include -Wall  conftest.c >&5
configure:20544: $? = 0
configure:20544: x86_64-nacl-gcc -c -I/home/kit/git/zrt/include -Wall  conftest.c >&5
configure:20544: $? = 0
configure:20558: result: 8
configure:20572: checking size of __int64
configure:20577: x86_64-nacl-gcc -c -I/home/kit/git/zrt/include -Wall  conftest.c >&5
conftest.c: In function 'main':
conftest.c:83: error: '__int64' undeclared (first use in this function)
conftest.c:83: error: (Each undeclared identifier is reported only once
conftest.c:83: error: for each function it appears in.)
conftest.c:83: warning: unused variable 'test_array'
configure:20577: $? = 1
configure: failed program was:
| /* confdefs.h */
| #define PACKAGE_NAME "glib"
| #define PACKAGE_TARNAME "glib"
| #define PACKAGE_VERSION "2.32.4"
| #define PACKAGE_STRING "glib 2.32.4"
| #define PACKAGE_BUGREPORT "http://bugzilla.gnome.org/enter_bug.cgi?product=glib"
| #define PACKAGE_URL ""
| #define GLIB_MAJOR_VERSION 2
| #define GLIB_MINOR_VERSION 32
| #define GLIB_MICRO_VERSION 4
| #define GLIB_INTERFACE_AGE 4
| #define GLIB_BINARY_AGE 3204
| #define _GNU_SOURCE 1
| #define GETTEXT_PACKAGE "glib20"
| #define GLIB_LOCALE_DIR ""
| #define STDC_HEADERS 1
| #define HAVE_SYS_TYPES_H 1
| #define HAVE_SYS_STAT_H 1
| #define HAVE_STDLIB_H 1
| #define HAVE_STRING_H 1
| #define HAVE_MEMORY_H 1
| #define HAVE_STRINGS_H 1
| #define HAVE_INTTYPES_H 1
| #define HAVE_STDINT_H 1
| #define HAVE_UNISTD_H 1
| #define HAVE_DLFCN_H 1
| #define LT_OBJDIR ".libs/"
| #define HAVE_VPRINTF 1
| #define HAVE_ALLOCA_H 1
| #define HAVE_ALLOCA 1
| #define HAVE_MMAP 1
| #define HAVE_POSIX_MEMALIGN 1
| #define HAVE_MEMALIGN 1
| #define HAVE_VALLOC 1
| #define HAVE_FSYNC 1
| #define HAVE_ATEXIT 1
| #define HAVE_ON_EXIT 1
| #define HAVE_TIMEGM 1
| #define HAVE_GMTIME_R 1
| #define SIZEOF_CHAR 1
| #define SIZEOF_SHORT 2
| #define SIZEOF_LONG 4
| #define SIZEOF_INT 4
| #define SIZEOF_VOID_P 4
| #define SIZEOF_LONG_LONG 8
| /* end confdefs.h.  */
| #include <stdio.h>
| #ifdef HAVE_SYS_TYPES_H
| # include <sys/types.h>
| #endif
| #ifdef HAVE_SYS_STAT_H
| # include <sys/stat.h>
| #endif
| #ifdef STDC_HEADERS
| # include <stdlib.h>
| # include <stddef.h>
| #else
| # ifdef HAVE_STDLIB_H
| #  include <stdlib.h>
| # endif
| #endif
| #ifdef HAVE_STRING_H
| # if !defined STDC_HEADERS && defined HAVE_MEMORY_H
| #  include <memory.h>
| # endif
| # include <string.h>
| #endif
| #ifdef HAVE_STRINGS_H
| # include <strings.h>
| #endif
| #ifdef HAVE_INTTYPES_H
| # include <inttypes.h>
| #endif
| #ifdef HAVE_STDINT_H
| # include <stdint.h>
| #endif
| #ifdef HAVE_UNISTD_H
| # include <unistd.h>
| #endif
| int
| main ()
| {
| static int test_array [1 - 2 * !(((long int) (sizeof (__int64))) >= 0)];
| test_array [0] = 0
| 
|   ;
|   return 0;
| }
configure:20577: x86_64-nacl-gcc -c -I/home/kit/git/zrt/include -Wall  conftest.c >&5
conftest.c: In function 'main':
conftest.c:83: error: '__int64' undeclared (first use in this function)
conftest.c:83: error: (Each undeclared identifier is reported only once
conftest.c:83: error: for each function it appears in.)
conftest.c:83: warning: unused variable 'test_array'
configure:20577: $? = 1
configure: failed program was:
| /* confdefs.h */
| #define PACKAGE_NAME "glib"
| #define PACKAGE_TARNAME "glib"
| #define PACKAGE_VERSION "2.32.4"
| #define PACKAGE_STRING "glib 2.32.4"
| #define PACKAGE_BUGREPORT "http://bugzilla.gnome.org/enter_bug.cgi?product=glib"
| #define PACKAGE_URL ""
| #define GLIB_MAJOR_VERSION 2
| #define GLIB_MINOR_VERSION 32
| #define GLIB_MICRO_VERSION 4
| #define GLIB_INTERFACE_AGE 4
| #define GLIB_BINARY_AGE 3204
| #define _GNU_SOURCE 1
| #define GETTEXT_PACKAGE "glib20"
| #define GLIB_LOCALE_DIR ""
| #define STDC_HEADERS 1
| #define HAVE_SYS_TYPES_H 1
| #define HAVE_SYS_STAT_H 1
| #define HAVE_STDLIB_H 1
| #define HAVE_STRING_H 1
| #define HAVE_MEMORY_H 1
| #define HAVE_STRINGS_H 1
| #define HAVE_INTTYPES_H 1
| #define HAVE_STDINT_H 1
| #define HAVE_UNISTD_H 1
| #define HAVE_DLFCN_H 1
| #define LT_OBJDIR ".libs/"
| #define HAVE_VPRINTF 1
| #define HAVE_ALLOCA_H 1
| #define HAVE_ALLOCA 1
| #define HAVE_MMAP 1
| #define HAVE_POSIX_MEMALIGN 1
| #define HAVE_MEMALIGN 1
| #define HAVE_VALLOC 1
| #define HAVE_FSYNC 1
| #define HAVE_ATEXIT 1
| #define HAVE_ON_EXIT 1
| #define HAVE_TIMEGM 1
| #define HAVE_GMTIME_R 1
| #define SIZEOF_CHAR 1
| #define SIZEOF_SHORT 2
| #define SIZEOF_LONG 4
| #define SIZEOF_INT 4
| #define SIZEOF_VOID_P 4
| #define SIZEOF_LONG_LONG 8
| /* end confdefs.h.  */
| #include <stdio.h>
| #ifdef HAVE_SYS_TYPES_H
| # include <sys/types.h>
| #endif
| #ifdef HAVE_SYS_STAT_H
| # include <sys/stat.h>
| #endif
| #ifdef STDC_HEADERS
| # include <stdlib.h>
| # include <stddef.h>
| #else
| # ifdef HAVE_STDLIB_H
| #  include <stdlib.h>
| # endif
| #endif
| #ifdef HAVE_STRING_H
| # if !defined STDC_HEADERS && defined HAVE_MEMORY_H
| #  include <memory.h>
| # endif
| # include <string.h>
| #endif
| #ifdef HAVE_STRINGS_H
| # include <strings.h>
| #endif
| #ifdef HAVE_INTTYPES_H
| # include <inttypes.h>
| #endif
| #ifdef HAVE_STDINT_H
| # include <stdint.h>
| #endif
| #ifdef HAVE_UNISTD_H
| # include <unistd.h>
| #endif
| int
| main ()
| {
| static int test_array [1 - 2 * !(((long int) (sizeof (__int64))) < 0)];
| test_array [0] = 0
| 
|   ;
|   return 0;
| }
configure:20591: result: 0
configure:20602: checking for sig_atomic_t
configure:20620: x86_64-nacl-gcc -o conftest -I/home/kit/git/zrt/include -Wall  -static -Wl,-s,-T/home/kit/zvm-sdk/x86_64-nacl/lib64/ldscripts/elf64_nacl.x.static,/home/kit/git/zrt/lib/zrt.o,-L/home/kit/git/zrt/lib,-lzrt,-lfs,-lstdc++ conftest.c  >&5
configure:20620: $? = 0
configure:20628: result: yes
configure:20647: checking for format to printf and scanf a guint64
configure:20693: result: none
configure:20712: checking for an ANSI C-conforming const
configure:20777: x86_64-nacl-gcc -c -I/home/kit/git/zrt/include -Wall  conftest.c >&5
conftest.c: In function 'main':
conftest.c:78: warning: 't' is used uninitialized in this function
conftest.c:94: warning: 'b' may be used uninitialized in this function
configure:20777: $? = 0
configure:20784: result: yes
configure:20794: checking if malloc() and friends prototypes are gmem.h compatible
configure:20819: x86_64-nacl-gcc -c -I/home/kit/git/zrt/include -Wall -Werror  conftest.c >&5
configure:20819: $? = 0
configure:20827: result: yes
configure:20831: checking for growing stack pointer
configure:20838: error: in `/home/kit/git/zrt/libports/pkg-config-0.27.1/glib':
configure:20840: error: cannot run test program while cross compiling
See `config.log' for more details

## ---------------- ##
## Cache variables. ##
## ---------------- ##

ac_cv_build=x86_64-unknown-linux-gnu
ac_cv_c_compiler_gnu=yes
ac_cv_c_const=yes
ac_cv_cxx_compiler_gnu=yes
ac_cv_env_CCC_set=
ac_cv_env_CCC_value=
ac_cv_env_CC_set=set
ac_cv_env_CC_value=x86_64-nacl-gcc
ac_cv_env_CFLAGS_set=set
ac_cv_env_CFLAGS_value=-I/home/kit/git/zrt/include
ac_cv_env_CPPFLAGS_set=
ac_cv_env_CPPFLAGS_value=
ac_cv_env_CPP_set=
ac_cv_env_CPP_value=
ac_cv_env_CXXCPP_set=
ac_cv_env_CXXCPP_value=
ac_cv_env_CXXFLAGS_set=
ac_cv_env_CXXFLAGS_value=
ac_cv_env_CXX_set=set
ac_cv_env_CXX_value=x86_64-nacl-g++
ac_cv_env_LDFLAGS_set=set
ac_cv_env_LDFLAGS_value='-static -Wl,-s,-T/home/kit/zvm-sdk/x86_64-nacl/lib64/ldscripts/elf64_nacl.x.static,/home/kit/git/zrt/lib/zrt.o,-L/home/kit/git/zrt/lib,-lzrt,-lfs,-lstdc++'
ac_cv_env_LIBS_set=
ac_cv_env_LIBS_value=
ac_cv_env_build_alias_set=
ac_cv_env_build_alias_value=
ac_cv_env_host_alias_set=set
ac_cv_env_host_alias_value=x86_64-nacl
ac_cv_env_target_alias_set=
ac_cv_env_target_alias_value=
ac_cv_func__doprnt=no
ac_cv_func_alloca_works=yes
ac_cv_func_atexit=yes
ac_cv_func_fsync=yes
ac_cv_func_gmtime_r=yes
ac_cv_func_iconv_open=yes
ac_cv_func_memalign=yes
ac_cv_func_mmap=yes
ac_cv_func_on_exit=yes
ac_cv_func_pipe2=no
ac_cv_func_posix_memalign=yes
ac_cv_func_timegm=yes
ac_cv_func_valloc=yes
ac_cv_func_vprintf=yes
ac_cv_gnu_library_2_1=yes
ac_cv_header_dlfcn_h=yes
ac_cv_header_inttypes_h=yes
ac_cv_header_memory_h=yes
ac_cv_header_stdc=yes
ac_cv_header_stdint_h=yes
ac_cv_header_stdlib_h=yes
ac_cv_header_string_h=yes
ac_cv_header_strings_h=yes
ac_cv_header_sys_stat_h=yes
ac_cv_header_sys_types_h=yes
ac_cv_header_unistd_h=yes
ac_cv_host=x86_64-pc-nacl
ac_cv_objext=o
ac_cv_path_EGREP='/bin/grep -E'
ac_cv_path_FGREP='/bin/grep -F'
ac_cv_path_GREP=/bin/grep
ac_cv_path_PERL_PATH=/usr/bin/perl
ac_cv_path_PYTHON=/usr/bin/python
ac_cv_path_SED=/bin/sed
ac_cv_path_install='/usr/bin/install -c'
ac_cv_path_mkdir=/bin/mkdir
ac_cv_prog_AR=x86_64-nacl-ar
ac_cv_prog_AWK=mawk
ac_cv_prog_CC=x86_64-nacl-gcc
ac_cv_prog_CPP='x86_64-nacl-gcc -E'
ac_cv_prog_CXX=x86_64-nacl-g++
ac_cv_prog_CXXCPP='x86_64-nacl-g++ -E'
ac_cv_prog_OBJDUMP=x86_64-nacl-objdump
ac_cv_prog_PERL=perl
ac_cv_prog_RANLIB=x86_64-nacl-ranlib
ac_cv_prog_STRIP=x86_64-nacl-strip
ac_cv_prog_ac_ct_MANIFEST_TOOL=mt
ac_cv_prog_cc_c89=
ac_cv_prog_cc_g=yes
ac_cv_prog_cc_x86_64_nacl_gcc_c_o=yes
ac_cv_prog_cxx_g=yes
ac_cv_prog_make_make_set=yes
ac_cv_sizeof___int64=0
ac_cv_sizeof_char=1
ac_cv_sizeof_int=4
ac_cv_sizeof_long=4
ac_cv_sizeof_long_long=8
ac_cv_sizeof_short=2
ac_cv_sizeof_void_p=4
ac_cv_sys_file_offset_bits=no
ac_cv_sys_largefile_CC=no
ac_cv_type_sig_atomic_t=yes
ac_cv_type_size_t=yes
ac_cv_working_alloca_h=yes
am_cv_CC_dependencies_compiler_type=gcc3
am_cv_CXX_dependencies_compiler_type=gcc3
am_cv_pathless_PYTHON=python
am_cv_prog_cc_stdc=
am_cv_prog_tar_ustar=gnutar
am_cv_python_platform=linux2
am_cv_python_pyexecdir='${exec_prefix}/lib/python2.7/site-packages'
am_cv_python_pythondir='${prefix}/lib/python2.7/site-packages'
am_cv_python_version=2.7
lt_cv_ar_at_file=@
lt_cv_deplibs_check_method=unknown
lt_cv_file_magic_cmd='$MAGIC_CMD'
lt_cv_file_magic_test_file=
lt_cv_ld_reload_flag=-r
lt_cv_nm_interface='BSD nm'
lt_cv_objdir=.libs
lt_cv_path_LD=/home/kit/zvm-sdk/x86_64-nacl/bin/ld
lt_cv_path_LDCXX=/home/kit/zvm-sdk/x86_64-nacl/bin/ld
lt_cv_path_NM='/home/kit/zvm-sdk/bin/x86_64-nacl-nm -B'
lt_cv_path_mainfest_tool=no
lt_cv_prog_compiler_c_o=yes
lt_cv_prog_compiler_c_o_CXX=yes
lt_cv_prog_compiler_pic='-fPIC -DPIC'
lt_cv_prog_compiler_pic_CXX='-fPIC -DPIC'
lt_cv_prog_compiler_pic_works=yes
lt_cv_prog_compiler_pic_works_CXX=yes
lt_cv_prog_compiler_rtti_exceptions=no
lt_cv_prog_compiler_static_works=yes
lt_cv_prog_compiler_static_works_CXX=yes
lt_cv_prog_gnu_ld=yes
lt_cv_prog_gnu_ldcxx=yes
lt_cv_sharedlib_from_linklib_cmd='printf %s\n'
lt_cv_sys_global_symbol_pipe='sed -n -e '\''s/^.*[	 ]\([ABCDGIRSTW][ABCDGIRSTW]*\)[	 ][	 ]*\([_A-Za-z][_A-Za-z0-9]*\)$/\1 \2 \2/p'\'' | sed '\''/ __gnu_lto/d'\'''
lt_cv_sys_global_symbol_to_c_name_address='sed -n -e '\''s/^: \([^ ]*\)[ ]*$/  {\"\1\", (void *) 0},/p'\'' -e '\''s/^[ABCDGIRSTW]* \([^ ]*\) \([^ ]*\)$/  {"\2", (void *) \&\2},/p'\'''
lt_cv_sys_global_symbol_to_c_name_address_lib_prefix='sed -n -e '\''s/^: \([^ ]*\)[ ]*$/  {\"\1\", (void *) 0},/p'\'' -e '\''s/^[ABCDGIRSTW]* \([^ ]*\) \(lib[^ ]*\)$/  {"\2", (void *) \&\2},/p'\'' -e '\''s/^[ABCDGIRSTW]* \([^ ]*\) \([^ ]*\)$/  {"lib\2", (void *) \&\2},/p'\'''
lt_cv_sys_global_symbol_to_cdecl='sed -n -e '\''s/^T .* \(.*\)$/extern int \1();/p'\'' -e '\''s/^[ABCDGIRSTW]* .* \(.*\)$/extern char \1;/p'\'''
lt_cv_sys_max_cmd_len=1572864
lt_cv_to_host_file_cmd=func_convert_file_noop
lt_cv_to_tool_file_cmd=func_convert_file_noop

## ----------------- ##
## Output variables. ##
## ----------------- ##

ABS_GLIB_RUNTIME_LIBDIR=''
ACLOCAL='${SHELL} /home/kit/git/zrt/libports/pkg-config-0.27.1/glib/missing --run aclocal-1.11'
ALLOCA=''
AMDEPBACKSLASH='\'
AMDEP_FALSE='#'
AMDEP_TRUE=''
AMTAR='${SHELL} /home/kit/git/zrt/libports/pkg-config-0.27.1/glib/missing --run tar'
AM_BACKSLASH='\'
AM_DEFAULT_VERBOSITY='0'
AR='x86_64-nacl-ar'
AS='as'
AUTOCONF='${SHELL} /home/kit/git/zrt/libports/pkg-config-0.27.1/glib/missing --run autoconf'
AUTOHEADER='${SHELL} /home/kit/git/zrt/libports/pkg-config-0.27.1/glib/missing --run autoheader'
AUTOMAKE='${SHELL} /home/kit/git/zrt/libports/pkg-config-0.27.1/glib/missing --run automake-1.11'
AWK='mawk'
CC='x86_64-nacl-gcc'
CCDEPMODE='depmode=gcc3'
CFLAGS='-I/home/kit/git/zrt/include -Wall'
CPP='x86_64-nacl-gcc -E'
CPPFLAGS=''
CXX='x86_64-nacl-g++'
CXXCPP='x86_64-nacl-g++ -E'
CXXDEPMODE='depmode=gcc3'
CXXFLAGS='-g -O2'
CYGPATH_W='echo'
DEFS=''
DEPDIR='.deps'
DLLTOOL='false'
DSYMUTIL=''
DUMPBIN=''
ECHO_C=''
ECHO_N='-n'
ECHO_T=''
EGREP='/bin/grep -E'
ENABLE_TIMELOOP_FALSE=''
ENABLE_TIMELOOP_TRUE=''
EXEEXT=''
FGREP='/bin/grep -F'
GETTEXT_PACKAGE='glib20'
GIO=''
GIO_MODULE_DIR=''
GLIBC21='yes'
GLIB_BINARY_AGE='3204'
GLIB_DEBUG_FLAGS='-DG_DISABLE_CAST_CHECKS'
GLIB_EXTRA_CFLAGS=''
GLIB_INTERFACE_AGE='4'
GLIB_LINK_FLAGS=''
GLIB_MAJOR_VERSION='2'
GLIB_MICRO_VERSION='4'
GLIB_MINOR_VERSION='32'
GLIB_RUNTIME_LIBDIR=''
GLIB_VERSION='2.32.4'
GLIB_WIN32_STATIC_COMPILATION_DEFINE=''
GREP='/bin/grep'
GSPAWN=''
GTHREAD_COMPILE_IMPL_DEFINES=''
G_LIBS_EXTRA=''
G_MODULE_BROKEN_RTLD_GLOBAL=''
G_MODULE_HAVE_DLERROR=''
G_MODULE_IMPL=''
G_MODULE_LDFLAGS=''
G_MODULE_LIBS=''
G_MODULE_LIBS_EXTRA=''
G_MODULE_NEED_USCORE=''
G_MODULE_PLUGIN_LIBS=''
G_MODULE_SUPPORTED=''
G_THREAD_CFLAGS=''
G_THREAD_LIBS=''
G_THREAD_LIBS_EXTRA=''
G_THREAD_LIBS_FOR_GTHREAD=''
HAVE_CXX_FALSE='#'
HAVE_CXX_TRUE=''
HAVE_DBUS1_FALSE=''
HAVE_DBUS1_TRUE=''
HAVE_EVENTFD_FALSE=''
HAVE_EVENTFD_TRUE=''
HAVE_FEN_FALSE=''
HAVE_FEN_TRUE=''
HAVE_GCC_FALSE='#'
HAVE_GCC_TRUE=''
HAVE_GLIB_RUNTIME_LIBDIR_FALSE=''
HAVE_GLIB_RUNTIME_LIBDIR_TRUE='#'
HAVE_GNUC_VISIBILITY_FALSE=''
HAVE_GNUC_VISIBILITY_TRUE=''
HAVE_GOOD_PRINTF_FALSE=''
HAVE_GOOD_PRINTF_TRUE=''
HAVE_INOTIFY_FALSE=''
HAVE_INOTIFY_TRUE=''
HAVE_NETLINK_FALSE=''
HAVE_NETLINK_TRUE=''
HAVE_SUNSTUDIO_VISIBILITY_FALSE=''
HAVE_SUNSTUDIO_VISIBILITY_TRUE=''
ICONV_LIBS=''
INDENT=''
INSTALL_DATA='${INSTALL} -m 644'
INSTALL_PROGRAM='${INSTALL}'
INSTALL_SCRIPT='${INSTALL}'
INSTALL_STRIP_PROGRAM='$(install_sh) -c -s'
LD='/home/kit/zvm-sdk/x86_64-nacl/bin/ld'
LDFLAGS='-static -Wl,-s,-T/home/kit/zvm-sdk/x86_64-nacl/lib64/ldscripts/elf64_nacl.x.static,/home/kit/git/zrt/lib/zrt.o,-L/home/kit/git/zrt/lib,-lzrt,-lfs,-lstdc++'
LIBOBJS=''
LIBS=''
LIBTOOL='$(SHELL) $(top_builddir)/libtool'
LIBTOOL_EXPORT_OPTIONS='-export-symbols-regex "^g.*"'
LIB_EXE_MACHINE_FLAG='X86'
LIPO=''
LN_S='ln -s'
LTLIBOBJS=''
LTP=''
LTP_GENHTML=''
LT_AGE='3200'
LT_CURRENT='3200'
LT_CURRENT_MINUS_AGE='0'
LT_RELEASE='2.32'
LT_REVISION='4'
MAINT=''
MAINTAINER_MODE_FALSE='#'
MAINTAINER_MODE_TRUE=''
MAKEINFO='${SHELL} /home/kit/git/zrt/libports/pkg-config-0.27.1/glib/missing --run makeinfo'
MANIFEST_TOOL=':'
MKDIR_P='/bin/mkdir -p'
MS_LIB_AVAILABLE_FALSE=''
MS_LIB_AVAILABLE_TRUE='#'
NETWORK_LIBS=''
NM='/home/kit/zvm-sdk/bin/x86_64-nacl-nm -B'
NMEDIT=''
OBJDUMP='x86_64-nacl-objdump'
OBJEXT='o'
OS_CARBON_FALSE=''
OS_CARBON_TRUE='#'
OS_COCOA_FALSE=''
OS_COCOA_TRUE='#'
OS_LINUX_FALSE=''
OS_LINUX_TRUE='#'
OS_UNIX_FALSE='#'
OS_UNIX_TRUE=''
OS_WIN32_AND_DLL_COMPILATION_FALSE=''
OS_WIN32_AND_DLL_COMPILATION_TRUE='#'
OS_WIN32_FALSE=''
OS_WIN32_TRUE='#'
OS_WIN32_X64_FALSE=''
OS_WIN32_X64_TRUE='#'
OTOOL64=''
OTOOL=''
PACKAGE='glib'
PACKAGE_BUGREPORT='http://bugzilla.gnome.org/enter_bug.cgi?product=glib'
PACKAGE_NAME='glib'
PACKAGE_STRING='glib 2.32.4'
PACKAGE_TARNAME='glib'
PACKAGE_URL=''
PACKAGE_VERSION='2.32.4'
PATH_SEPARATOR=':'
PERL='perl'
PERL_PATH='/usr/bin/perl'
PLATFORMDEP=''
PLATFORM_WIN32_FALSE=''
PLATFORM_WIN32_TRUE=''
PYTHON='/usr/bin/python'
PYTHON_EXEC_PREFIX='${exec_prefix}'
PYTHON_PLATFORM='linux2'
PYTHON_PREFIX='${prefix}'
PYTHON_VERSION='2.7'
RANLIB='x86_64-nacl-ranlib'
REBUILD=''
SED='/bin/sed'
SELINUX_LIBS=''
SET_MAKE=''
SHELL='/bin/bash'
SHTOOL=''
STRIP='x86_64-nacl-strip'
VERSION='2.32.4'
WINDRES=''
XATTR_LIBS=''
ac_ct_AR=''
ac_ct_CC=''
ac_ct_CXX=''
ac_ct_DUMPBIN=''
am__EXEEXT_FALSE=''
am__EXEEXT_TRUE=''
am__fastdepCC_FALSE='#'
am__fastdepCC_TRUE=''
am__fastdepCXX_FALSE='#'
am__fastdepCXX_TRUE=''
am__include='include'
am__isrc=''
am__leading_dot='.'
am__quote=''
am__tar='tar --format=ustar -chf - "$$tardir"'
am__untar='tar -xf -'
bindir='${exec_prefix}/bin'
build='x86_64-unknown-linux-gnu'
build_alias=''
build_cpu='x86_64'
build_os='linux-gnu'
build_vendor='unknown'
config_h_INCLUDES=''
datadir='${datarootdir}'
datarootdir='${prefix}/share'
docdir='${datarootdir}/doc/${PACKAGE_TARNAME}'
dvidir='${docdir}'
exec_prefix='NONE'
gio_INCLUDES=''
glib_INCLUDES=''
gmodule_INCLUDES=''
gobject_INCLUDES=''
gthread_INCLUDES=''
host='x86_64-pc-nacl'
host_alias='x86_64-nacl'
host_cpu='x86_64'
host_os='nacl'
host_vendor='pc'
htmldir='${docdir}'
includedir='${prefix}/include'
infodir='${datarootdir}/info'
install_sh='${SHELL} /home/kit/git/zrt/libports/pkg-config-0.27.1/glib/install-sh'
libdir='${exec_prefix}/lib'
libexecdir='${exec_prefix}/libexec'
localedir='${datarootdir}/locale'
localstatedir='${prefix}/var'
mandir='${datarootdir}/man'
mkdir_p='/bin/mkdir -p'
ms_librarian=''
oldincludedir='/usr/include'
pdfdir='${docdir}'
pkgpyexecdir='${pyexecdir}/glib'
pkgpythondir='${pythondir}/glib'
prefix='/home/kit/git/zrt'
program_transform_name='s,x,x,'
psdir='${docdir}'
pyexecdir='${exec_prefix}/lib/python2.7/site-packages'
pythondir='${prefix}/lib/python2.7/site-packages'
sbindir='${exec_prefix}/sbin'
sharedstatedir='${prefix}/com'
sysconfdir='${prefix}/etc'
target_alias=''

## ----------- ##
## confdefs.h. ##
## ----------- ##

/* confdefs.h */
#define PACKAGE_NAME "glib"
#define PACKAGE_TARNAME "glib"
#define PACKAGE_VERSION "2.32.4"
#define PACKAGE_STRING "glib 2.32.4"
#define PACKAGE_BUGREPORT "http://bugzilla.gnome.org/enter_bug.cgi?product=glib"
#define PACKAGE_URL ""
#define GLIB_MAJOR_VERSION 2
#define GLIB_MINOR_VERSION 32
#define GLIB_MICRO_VERSION 4
#define GLIB_INTERFACE_AGE 4
#define GLIB_BINARY_AGE 3204
#define _GNU_SOURCE 1
#define GETTEXT_PACKAGE "glib20"
#define GLIB_LOCALE_DIR ""
#define STDC_HEADERS 1
#define HAVE_SYS_TYPES_H 1
#define HAVE_SYS_STAT_H 1
#define HAVE_STDLIB_H 1
#define HAVE_STRING_H 1
#define HAVE_MEMORY_H 1
#define HAVE_STRINGS_H 1
#define HAVE_INTTYPES_H 1
#define HAVE_STDINT_H 1
#define HAVE_UNISTD_H 1
#define HAVE_DLFCN_H 1
#define LT_OBJDIR ".libs/"
#define HAVE_VPRINTF 1
#define HAVE_ALLOCA_H 1
#define HAVE_ALLOCA 1
#define HAVE_MMAP 1
#define HAVE_POSIX_MEMALIGN 1
#define HAVE_MEMALIGN 1
#define HAVE_VALLOC 1
#define HAVE_FSYNC 1
#define HAVE_ATEXIT 1
#define HAVE_ON_EXIT 1
#define HAVE_TIMEGM 1
#define HAVE_GMTIME_R 1
#define SIZEOF_CHAR 1
#define SIZEOF_SHORT 2
#define SIZEOF_LONG 4
#define SIZEOF_INT 4
#define SIZEOF_VOID_P 4
#define SIZEOF_LONG_LONG 8
#define SIZEOF___INT64 0
#define HAVE_SIG_ATOMIC_T 1
#define SANE_MALLOC_PROTOS 1

configure: exit 1
