This file contains any messages produced by compilers while
running configure, to aid debugging if configure makes a mistake.

It was created by libpng configure 1.2.46, which was
generated by GNU Autoconf 2.65.  Invocation command line was

  $ ./configure --host=x86_64-nacl --enable-static --prefix=/home/kit/git/zrt

## --------- ##
## Platform. ##
## --------- ##

hostname = dev
uname -m = x86_64
uname -r = 3.2.0-38-generic
uname -s = Linux
uname -v = #61-Ubuntu SMP Tue Feb 19 12:18:21 UTC 2013

/usr/bin/uname -p = unknown
/bin/uname -X     = unknown

/bin/arch              = unknown
/usr/bin/arch -k       = unknown
/usr/convex/getsysinfo = unknown
/usr/bin/hostinfo      = unknown
/bin/machine           = unknown
/usr/bin/oslevel       = unknown
/bin/universe          = unknown

PATH: /home/kit/bin
PATH: /usr/lib/lightdm/lightdm
PATH: /usr/local/sbin
PATH: /usr/local/bin
PATH: /usr/sbin
PATH: /usr/bin
PATH: /sbin
PATH: /bin
PATH: /usr/games
PATH: /home/kit/bin
PATH: /home/kit/zvm-sdk/bin
PATH: /home/kit/zvm-sdk/bin


## ----------- ##
## Core tests. ##
## ----------- ##

configure:2426: checking for a BSD-compatible install
configure:2494: result: /usr/bin/install -c
configure:2505: checking whether build environment is sane
configure:2555: result: yes
configure:2604: checking for x86_64-nacl-strip
configure:2620: found /home/kit/zvm-sdk/bin/x86_64-nacl-strip
configure:2631: result: x86_64-nacl-strip
configure:2696: checking for a thread-safe mkdir -p
configure:2735: result: /bin/mkdir -p
configure:2748: checking for gawk
configure:2778: result: no
configure:2748: checking for mawk
configure:2764: found /usr/bin/mawk
configure:2775: result: mawk
configure:2786: checking whether make sets $(MAKE)
configure:2808: result: yes
configure:2889: checking whether to enable maintainer-specific portions of Makefiles
configure:2898: result: no
configure:2931: checking for x86_64-nacl-gcc
configure:2958: result: x86_64-nacl-gcc
configure:3227: checking for C compiler version
configure:3236: x86_64-nacl-gcc --version >&5
x86_64-nacl-gcc (GCC) 4.4.3
Copyright (C) 2010 Free Software Foundation, Inc.
This is free software; see the source for copying conditions.  There is NO
warranty; not even for MERCHANTABILITY or FITNESS FOR A PARTICULAR PURPOSE.

configure:3247: $? = 0
configure:3236: x86_64-nacl-gcc -v >&5
Using built-in specs.
Target: x86_64-nacl
Configured with: /media/40G/toolchain/SRC/gcc/configure CC='gcc -m32' CFLAGS='-O2 -g -Dinhibit_libc -D__gthr_posix_h' LDFLAGS=-s 'CFLAGS_FOR_TARGET=-O2 -g ' 'CXXFLAGS_FOR_TARGET=-O2 -g ' --prefix=/home/kit/zvm-sdk --disable-decimal-float --disable-libgomp --disable-libmudflap --disable-libssp --disable-libstdcxx-pch --target=x86_64-nacl --with-gmp=/media/40G/toolchain/BUILD/.gcc-extra-install-gmp --with-mpfr=/media/40G/toolchain/BUILD/.gcc-extra-install-mpfr --with-ppl=/media/40G/toolchain/BUILD/.gcc-extra-install-ppl --with-host-libstdcxx='-lpwl -Wl,-Bstatic -lstdc++ -Wl,-Bdynamic -lm' --with-cloog=/media/40G/toolchain/BUILD/.gcc-extra-install-cloog-ppl --disable-ppl-version-check --enable-shared --enable-languages=c,c++,objc,obj-c++,fortran --enable-threads=posix --enable-tls
Thread model: posix
gcc version 4.4.3 (GCC) 
configure:3247: $? = 0
configure:3236: x86_64-nacl-gcc -V >&5
x86_64-nacl-gcc: '-V' option must have argument
configure:3247: $? = 1
configure:3236: x86_64-nacl-gcc -qversion >&5
x86_64-nacl-gcc: unrecognized option '-qversion'
x86_64-nacl-gcc: no input files
configure:3247: $? = 1
configure:3267: checking whether the C compiler works
configure:3289: x86_64-nacl-gcc -I/home/kit/git/zrt/include  -static -Wl,-s,-T/home/kit/zvm-sdk/x86_64-nacl/lib64/ldscripts/elf64_nacl.x.static,/home/kit/git/zrt/lib/zrt.o,-L/home/kit/git/zrt/lib,-lzrt,-lfs,-lstdc++ conftest.c  >&5
configure:3293: $? = 0
configure:3342: result: yes
configure:3345: checking for C compiler default output file name
configure:3347: result: a.out
configure:3353: checking for suffix of executables
configure:3360: x86_64-nacl-gcc -o conftest -I/home/kit/git/zrt/include  -static -Wl,-s,-T/home/kit/zvm-sdk/x86_64-nacl/lib64/ldscripts/elf64_nacl.x.static,/home/kit/git/zrt/lib/zrt.o,-L/home/kit/git/zrt/lib,-lzrt,-lfs,-lstdc++ conftest.c  >&5
configure:3364: $? = 0
configure:3386: result: 
configure:3408: checking whether we are cross compiling
configure:3416: x86_64-nacl-gcc -o conftest -I/home/kit/git/zrt/include  -static -Wl,-s,-T/home/kit/zvm-sdk/x86_64-nacl/lib64/ldscripts/elf64_nacl.x.static,/home/kit/git/zrt/lib/zrt.o,-L/home/kit/git/zrt/lib,-lzrt,-lfs,-lstdc++ conftest.c  >&5
configure:3420: $? = 0
configure:3427: ./conftest
./configure: line 3429:  4647 Segmentation fault      (core dumped) ./conftest$ac_cv_exeext
configure:3431: $? = 139
configure:3446: result: yes
configure:3451: checking for suffix of object files
configure:3473: x86_64-nacl-gcc -c -I/home/kit/git/zrt/include  conftest.c >&5
configure:3477: $? = 0
configure:3498: result: o
configure:3502: checking whether we are using the GNU C compiler
configure:3521: x86_64-nacl-gcc -c -I/home/kit/git/zrt/include  conftest.c >&5
configure:3521: $? = 0
configure:3530: result: yes
configure:3539: checking whether x86_64-nacl-gcc accepts -g
configure:3559: x86_64-nacl-gcc -c -g  conftest.c >&5
configure:3559: $? = 0
configure:3600: result: yes
configure:3617: checking for x86_64-nacl-gcc option to accept ISO C89
configure:3681: x86_64-nacl-gcc  -c -I/home/kit/git/zrt/include  conftest.c >&5
configure:3681: $? = 0
configure:3694: result: none needed
configure:3725: checking for style of include used by make
configure:3753: result: GNU
configure:3778: checking dependency style of x86_64-nacl-gcc
configure:3888: result: gcc3
configure:3907: checking build system type
configure:3921: result: x86_64-unknown-linux-gnu
configure:3941: checking host system type
configure:3954: result: x86_64-pc-nacl
configure:3974: checking for a sed that does not truncate output
configure:4038: result: /bin/sed
configure:4056: checking for grep that handles long lines and -e
configure:4114: result: /bin/grep
configure:4119: checking for egrep
configure:4181: result: /bin/grep -E
configure:4186: checking for fgrep
configure:4248: result: /bin/grep -F
configure:4283: checking for ld used by x86_64-nacl-gcc
configure:4350: result: /home/kit/zvm-sdk/x86_64-nacl/bin/ld
configure:4357: checking if the linker (/home/kit/zvm-sdk/x86_64-nacl/bin/ld) is GNU ld
configure:4372: result: yes
configure:4389: checking how to run the C preprocessor
configure:4420: x86_64-nacl-gcc -E  conftest.c
configure:4420: $? = 0
configure:4434: x86_64-nacl-gcc -E  conftest.c
conftest.c:11:28: error: ac_nonexistent.h: No such file or directory
configure:4434: $? = 1
configure: failed program was:
| /* confdefs.h */
| #define PACKAGE_NAME "libpng"
| #define PACKAGE_TARNAME "libpng"
| #define PACKAGE_VERSION "1.2.46"
| #define PACKAGE_STRING "libpng 1.2.46"
| #define PACKAGE_BUGREPORT "png-mng-implement@lists.sourceforge.net"
| #define PACKAGE_URL ""
| #define PACKAGE "libpng"
| #define VERSION "1.2.46"
| /* end confdefs.h.  */
| #include <ac_nonexistent.h>
configure:4459: result: x86_64-nacl-gcc -E
configure:4479: x86_64-nacl-gcc -E  conftest.c
configure:4479: $? = 0
configure:4493: x86_64-nacl-gcc -E  conftest.c
conftest.c:11:28: error: ac_nonexistent.h: No such file or directory
configure:4493: $? = 1
configure: failed program was:
| /* confdefs.h */
| #define PACKAGE_NAME "libpng"
| #define PACKAGE_TARNAME "libpng"
| #define PACKAGE_VERSION "1.2.46"
| #define PACKAGE_STRING "libpng 1.2.46"
| #define PACKAGE_BUGREPORT "png-mng-implement@lists.sourceforge.net"
| #define PACKAGE_URL ""
| #define PACKAGE "libpng"
| #define VERSION "1.2.46"
| /* end confdefs.h.  */
| #include <ac_nonexistent.h>
configure:4524: checking for x86_64-nacl-sed
configure:4551: result: /bin/sed
configure:4917: checking whether ln -s works
configure:4921: result: yes
configure:4928: checking whether make sets $(MAKE)
configure:4950: result: yes
configure:4984: checking for BSD- or MS-compatible name lister (nm)
configure:5033: result: /home/kit/zvm-sdk/bin/x86_64-nacl-nm -B
configure:5151: checking the name lister (/home/kit/zvm-sdk/bin/x86_64-nacl-nm -B) interface
configure:5158: x86_64-nacl-gcc -c -I/home/kit/git/zrt/include  conftest.c >&5
configure:5161: /home/kit/zvm-sdk/bin/x86_64-nacl-nm -B "conftest.o"
configure:5164: output
0000000000000005 a NACLALIGN
0000000000000005 a NACLENTRYALIGN
0000000000000000 B some_variable
configure:5171: result: BSD nm
configure:5175: checking the maximum length of command line arguments
configure:5295: result: 1572864
configure:5312: checking whether the shell understands some XSI constructs
configure:5322: result: yes
configure:5326: checking whether the shell understands "+="
configure:5332: result: yes
configure:5367: checking for /home/kit/zvm-sdk/x86_64-nacl/bin/ld option to reload object files
configure:5374: result: -r
configure:5403: checking for x86_64-nacl-objdump
configure:5430: result: objdump
configure:5499: checking how to recognize dependent libraries
configure:5695: result: unknown
configure:5715: checking for x86_64-nacl-ar
configure:5742: result: x86_64-nacl-ar
configure:5820: checking for x86_64-nacl-strip
configure:5847: result: x86_64-nacl-strip
configure:5919: checking for x86_64-nacl-ranlib
configure:5946: result: x86_64-nacl-ranlib
configure:6076: checking command to parse /home/kit/zvm-sdk/bin/x86_64-nacl-nm -B output from x86_64-nacl-gcc object
configure:6194: x86_64-nacl-gcc -c -I/home/kit/git/zrt/include  conftest.c >&5
configure:6197: $? = 0
configure:6201: /home/kit/zvm-sdk/bin/x86_64-nacl-nm -B conftest.o \| sed -n -e 's/^.*[	 ]\([ABCDGIRSTW][ABCDGIRSTW]*\)[	 ][	 ]*\([_A-Za-z][_A-Za-z0-9]*\)$/\1 \2 \2/p' \> conftest.nm
configure:6204: $? = 0
configure:6258: x86_64-nacl-gcc -o conftest -I/home/kit/git/zrt/include  -static -Wl,-s,-T/home/kit/zvm-sdk/x86_64-nacl/lib64/ldscripts/elf64_nacl.x.static,/home/kit/git/zrt/lib/zrt.o,-L/home/kit/git/zrt/lib,-lzrt,-lfs,-lstdc++ conftest.c conftstm.o >&5
configure:6261: $? = 0
configure:6299: result: ok
configure:7104: checking for ANSI C header files
configure:7124: x86_64-nacl-gcc -c -I/home/kit/git/zrt/include  conftest.c >&5
configure:7124: $? = 0
configure:7208: result: yes
configure:7221: checking for sys/types.h
configure:7221: x86_64-nacl-gcc -c -I/home/kit/git/zrt/include  conftest.c >&5
configure:7221: $? = 0
configure:7221: result: yes
configure:7221: checking for sys/stat.h
configure:7221: x86_64-nacl-gcc -c -I/home/kit/git/zrt/include  conftest.c >&5
configure:7221: $? = 0
configure:7221: result: yes
configure:7221: checking for stdlib.h
configure:7221: x86_64-nacl-gcc -c -I/home/kit/git/zrt/include  conftest.c >&5
configure:7221: $? = 0
configure:7221: result: yes
configure:7221: checking for string.h
configure:7221: x86_64-nacl-gcc -c -I/home/kit/git/zrt/include  conftest.c >&5
configure:7221: $? = 0
configure:7221: result: yes
configure:7221: checking for memory.h
configure:7221: x86_64-nacl-gcc -c -I/home/kit/git/zrt/include  conftest.c >&5
configure:7221: $? = 0
configure:7221: result: yes
configure:7221: checking for strings.h
configure:7221: x86_64-nacl-gcc -c -I/home/kit/git/zrt/include  conftest.c >&5
configure:7221: $? = 0
configure:7221: result: yes
configure:7221: checking for inttypes.h
configure:7221: x86_64-nacl-gcc -c -I/home/kit/git/zrt/include  conftest.c >&5
configure:7221: $? = 0
configure:7221: result: yes
configure:7221: checking for stdint.h
configure:7221: x86_64-nacl-gcc -c -I/home/kit/git/zrt/include  conftest.c >&5
configure:7221: $? = 0
configure:7221: result: yes
configure:7221: checking for unistd.h
configure:7221: x86_64-nacl-gcc -c -I/home/kit/git/zrt/include  conftest.c >&5
configure:7221: $? = 0
configure:7221: result: yes
configure:7236: checking for dlfcn.h
configure:7236: x86_64-nacl-gcc -c -I/home/kit/git/zrt/include  conftest.c >&5
configure:7236: $? = 0
configure:7236: result: yes
configure:7418: checking for objdir
configure:7433: result: .libs
configure:7725: checking if x86_64-nacl-gcc supports -fno-rtti -fno-exceptions
configure:7743: x86_64-nacl-gcc -c -I/home/kit/git/zrt/include  -fno-rtti -fno-exceptions conftest.c >&5
cc1: warning: command line option "-fno-rtti" is valid for C++/ObjC++ but not for C
configure:7747: $? = 0
configure:7760: result: no
configure:7780: checking for x86_64-nacl-gcc option to produce PIC
configure:8052: result: -fPIC -DPIC
configure:8064: checking if x86_64-nacl-gcc PIC flag -fPIC -DPIC works
configure:8082: x86_64-nacl-gcc -c -I/home/kit/git/zrt/include  -fPIC -DPIC -DPIC conftest.c >&5
configure:8086: $? = 0
configure:8099: result: yes
configure:8123: checking if x86_64-nacl-gcc static flag -static works
configure:8151: result: yes
configure:8166: checking if x86_64-nacl-gcc supports -c -o file.o
configure:8187: x86_64-nacl-gcc -c -I/home/kit/git/zrt/include  -o out/conftest2.o conftest.c >&5
configure:8191: $? = 0
configure:8213: result: yes
configure:8221: checking if x86_64-nacl-gcc supports -c -o file.o
configure:8268: result: yes
configure:8301: checking whether the x86_64-nacl-gcc linker (/home/kit/zvm-sdk/x86_64-nacl/bin/ld) supports shared libraries
configure:9287: result: yes
configure:9324: checking whether -lc should be explicitly linked in
configure:9329: x86_64-nacl-gcc -c -I/home/kit/git/zrt/include  conftest.c >&5
configure:9332: $? = 0
configure:9347: x86_64-nacl-gcc -shared conftest.o  -v -Wl,-soname -Wl,conftest -o conftest 2\>\&1 \| /bin/grep  -lc  \>/dev/null 2\>\&1
configure:9350: $? = 0
configure:9362: result: no
configure:9526: checking dynamic linker characteristics
configure:10177: result: no
configure:10279: checking how to hardcode library paths into programs
configure:10304: result: immediate
configure:10824: checking whether stripping libraries is possible
configure:10829: result: yes
configure:10864: checking if libtool supports shared libraries
configure:10866: result: no
configure:10869: checking whether to build shared libraries
configure:10890: result: no
configure:10893: checking whether to build static libraries
configure:10897: result: yes
configure:10934: checking for ANSI C header files
configure:11038: result: yes
configure:11049: checking malloc.h usability
configure:11049: x86_64-nacl-gcc -c -I/home/kit/git/zrt/include  conftest.c >&5
configure:11049: $? = 0
configure:11049: result: yes
configure:11049: checking malloc.h presence
configure:11049: x86_64-nacl-gcc -E  conftest.c
configure:11049: $? = 0
configure:11049: result: yes
configure:11049: checking for malloc.h
configure:11049: result: yes
configure:11049: checking for stdlib.h
configure:11049: result: yes
configure:11049: checking for string.h
configure:11049: result: yes
configure:11049: checking for strings.h
configure:11049: result: yes
configure:11062: checking for an ANSI C-conforming const
configure:11127: x86_64-nacl-gcc -c -I/home/kit/git/zrt/include  conftest.c >&5
configure:11127: $? = 0
configure:11134: result: yes
configure:11142: checking for size_t
configure:11142: x86_64-nacl-gcc -c -I/home/kit/git/zrt/include  conftest.c >&5
configure:11142: $? = 0
configure:11142: x86_64-nacl-gcc -c -I/home/kit/git/zrt/include  conftest.c >&5
conftest.c: In function 'main':
conftest.c:64: error: expected expression before ')' token
configure:11142: $? = 1
configure: failed program was:
| /* confdefs.h */
| #define PACKAGE_NAME "libpng"
| #define PACKAGE_TARNAME "libpng"
| #define PACKAGE_VERSION "1.2.46"
| #define PACKAGE_STRING "libpng 1.2.46"
| #define PACKAGE_BUGREPORT "png-mng-implement@lists.sourceforge.net"
| #define PACKAGE_URL ""
| #define PACKAGE "libpng"
| #define VERSION "1.2.46"
| #define STDC_HEADERS 1
| #define HAVE_SYS_TYPES_H 1
| #define HAVE_SYS_STAT_H 1
| #define HAVE_STDLIB_H 1
| #define HAVE_STRING_H 1
| #define HAVE_MEMORY_H 1
| #define HAVE_STRINGS_H 1
| #define HAVE_INTTYPES_H 1
| #define HAVE_STDINT_H 1
| #define HAVE_UNISTD_H 1
| #define HAVE_DLFCN_H 1
| #define LT_OBJDIR ".libs/"
| #define STDC_HEADERS 1
| #define HAVE_MALLOC_H 1
| #define HAVE_STDLIB_H 1
| #define HAVE_STRING_H 1
| #define HAVE_STRINGS_H 1
| /* end confdefs.h.  */
| #include <stdio.h>
| #ifdef HAVE_SYS_TYPES_H
| # include <sys/types.h>
| #endif
| #ifdef HAVE_SYS_STAT_H
| # include <sys/stat.h>
| #endif
| #ifdef STDC_HEADERS
| # include <stdlib.h>
| # include <stddef.h>
| #else
| # ifdef HAVE_STDLIB_H
| #  include <stdlib.h>
| # endif
| #endif
| #ifdef HAVE_STRING_H
| # if !defined STDC_HEADERS && defined HAVE_MEMORY_H
| #  include <memory.h>
| # endif
| # include <string.h>
| #endif
| #ifdef HAVE_STRINGS_H
| # include <strings.h>
| #endif
| #ifdef HAVE_INTTYPES_H
| # include <inttypes.h>
| #endif
| #ifdef HAVE_STDINT_H
| # include <stdint.h>
| #endif
| #ifdef HAVE_UNISTD_H
| # include <unistd.h>
| #endif
| int
| main ()
| {
| if (sizeof ((size_t)))
| 	    return 0;
|   ;
|   return 0;
| }
configure:11142: result: yes
configure:11153: checking whether struct tm is in sys/time.h or time.h
configure:11173: x86_64-nacl-gcc -c -I/home/kit/git/zrt/include  conftest.c >&5
configure:11173: $? = 0
configure:11180: result: time.h
configure:11190: checking for working strtod
configure:11241: result: no
configure:11250: checking for pow
configure:11250: x86_64-nacl-gcc -o conftest -I/home/kit/git/zrt/include  -static -Wl,-s,-T/home/kit/zvm-sdk/x86_64-nacl/lib64/ldscripts/elf64_nacl.x.static,/home/kit/git/zrt/lib/zrt.o,-L/home/kit/git/zrt/lib,-lzrt,-lfs,-lstdc++ conftest.c  >&5
conftest.c:51: warning: conflicting types for built-in function 'pow'
/tmp/ccZJuqAV.o: In function `main':
conftest.c:(.text+0x1c): undefined reference to `pow'
collect2: ld returned 1 exit status
configure:11250: $? = 1
configure: failed program was:
| /* confdefs.h */
| #define PACKAGE_NAME "libpng"
| #define PACKAGE_TARNAME "libpng"
| #define PACKAGE_VERSION "1.2.46"
| #define PACKAGE_STRING "libpng 1.2.46"
| #define PACKAGE_BUGREPORT "png-mng-implement@lists.sourceforge.net"
| #define PACKAGE_URL ""
| #define PACKAGE "libpng"
| #define VERSION "1.2.46"
| #define STDC_HEADERS 1
| #define HAVE_SYS_TYPES_H 1
| #define HAVE_SYS_STAT_H 1
| #define HAVE_STDLIB_H 1
| #define HAVE_STRING_H 1
| #define HAVE_MEMORY_H 1
| #define HAVE_STRINGS_H 1
| #define HAVE_INTTYPES_H 1
| #define HAVE_STDINT_H 1
| #define HAVE_UNISTD_H 1
| #define HAVE_DLFCN_H 1
| #define LT_OBJDIR ".libs/"
| #define STDC_HEADERS 1
| #define HAVE_MALLOC_H 1
| #define HAVE_STDLIB_H 1
| #define HAVE_STRING_H 1
| #define HAVE_STRINGS_H 1
| /* end confdefs.h.  */
| /* Define pow to an innocuous variant, in case <limits.h> declares pow.
|    For example, HP-UX 11i <limits.h> declares gettimeofday.  */
| #define pow innocuous_pow
| 
| /* System header to define __stub macros and hopefully few prototypes,
|     which can conflict with char pow (); below.
|     Prefer <limits.h> to <assert.h> if __STDC__ is defined, since
|     <limits.h> exists even on freestanding compilers.  */
| 
| #ifdef __STDC__
| # include <limits.h>
| #else
| # include <assert.h>
| #endif
| 
| #undef pow
| 
| /* Override any GCC internal prototype to avoid an error.
|    Use char because int might match the return type of a GCC
|    builtin and then its argument prototype would still apply.  */
| #ifdef __cplusplus
| extern "C"
| #endif
| char pow ();
| /* The GNU C library defines this for functions which it implements
|     to always fail with ENOSYS.  Some functions are actually named
|     something starting with __ and the normal name is an alias.  */
| #if defined __stub_pow || defined __stub___pow
| choke me
| #endif
| 
| int
| main ()
| {
| return pow ();
|   ;
|   return 0;
| }
configure:11250: result: no
configure:11256: checking for pow in -lm
configure:11281: x86_64-nacl-gcc -o conftest -I/home/kit/git/zrt/include  -static -Wl,-s,-T/home/kit/zvm-sdk/x86_64-nacl/lib64/ldscripts/elf64_nacl.x.static,/home/kit/git/zrt/lib/zrt.o,-L/home/kit/git/zrt/lib,-lzrt,-lfs,-lstdc++ conftest.c -lm   >&5
conftest.c:35: warning: conflicting types for built-in function 'pow'
configure:11281: $? = 0
configure:11290: result: yes
configure:11305: checking for memset
configure:11305: x86_64-nacl-gcc -o conftest -I/home/kit/git/zrt/include  -static -Wl,-s,-T/home/kit/zvm-sdk/x86_64-nacl/lib64/ldscripts/elf64_nacl.x.static,/home/kit/git/zrt/lib/zrt.o,-L/home/kit/git/zrt/lib,-lzrt,-lfs,-lstdc++ conftest.c  >&5
conftest.c:51: warning: conflicting types for built-in function 'memset'
configure:11305: $? = 0
configure:11305: result: yes
configure:11318: checking for pow
configure:11318: result: no
configure:11325: checking for pow in -lm
configure:11359: result: yes
configure:11375: checking for zlibVersion in -lz
configure:11400: x86_64-nacl-gcc -o conftest -I/home/kit/git/zrt/include  -static -Wl,-s,-T/home/kit/zvm-sdk/x86_64-nacl/lib64/ldscripts/elf64_nacl.x.static,/home/kit/git/zrt/lib/zrt.o,-L/home/kit/git/zrt/lib,-lzrt,-lfs,-lstdc++ conftest.c -lz  -lm  >&5
configure:11400: $? = 0
configure:11409: result: yes
configure:11429: checking if assembler code in pnggccrd.c can be compiled without PNG_NO_MMX_CODE
configure:11442: x86_64-nacl-gcc -c -I/home/kit/git/zrt/include  conftest.c >&5
configure:11442: $? = 0
configure:11443: result: yes
configure:11456: checking if libraries can be versioned
configure:11461: result: yes
configure:11480: checking for symbol prefix
configure:11487: result: 
configure:11509: pkgconfig directory is ${libdir}/pkgconfig
configure:11679: creating ./config.status

## ---------------------- ##
## Running config.status. ##
## ---------------------- ##

This file was extended by libpng config.status 1.2.46, which was
generated by GNU Autoconf 2.65.  Invocation command line was

  CONFIG_FILES    = 
  CONFIG_HEADERS  = 
  CONFIG_LINKS    = 
  CONFIG_COMMANDS = 
  $ ./config.status 

on dev

config.status:1090: creating Makefile
config.status:1090: creating libpng.pc
config.status:1090: creating libpng-config
config.status:1090: creating config.h
config.status:1262: config.h is unchanged
config.status:1310: executing depfiles commands
config.status:1310: executing libtool commands

## ---------------- ##
## Cache variables. ##
## ---------------- ##

ac_cv_build=x86_64-unknown-linux-gnu
ac_cv_c_compiler_gnu=yes
ac_cv_c_const=yes
ac_cv_env_CC_set=set
ac_cv_env_CC_value=x86_64-nacl-gcc
ac_cv_env_CFLAGS_set=set
ac_cv_env_CFLAGS_value=-I/home/kit/git/zrt/include
ac_cv_env_CPPFLAGS_set=
ac_cv_env_CPPFLAGS_value=
ac_cv_env_CPP_set=
ac_cv_env_CPP_value=
ac_cv_env_LDFLAGS_set=set
ac_cv_env_LDFLAGS_value='-static -Wl,-s,-T/home/kit/zvm-sdk/x86_64-nacl/lib64/ldscripts/elf64_nacl.x.static,/home/kit/git/zrt/lib/zrt.o,-L/home/kit/git/zrt/lib,-lzrt,-lfs,-lstdc++'
ac_cv_env_LIBS_set=
ac_cv_env_LIBS_value=
ac_cv_env_build_alias_set=
ac_cv_env_build_alias_value=
ac_cv_env_host_alias_set=set
ac_cv_env_host_alias_value=x86_64-nacl
ac_cv_env_target_alias_set=
ac_cv_env_target_alias_value=
ac_cv_func_memset=yes
ac_cv_func_pow=no
ac_cv_func_strtod=no
ac_cv_header_dlfcn_h=yes
ac_cv_header_inttypes_h=yes
ac_cv_header_malloc_h=yes
ac_cv_header_memory_h=yes
ac_cv_header_stdc=yes
ac_cv_header_stdint_h=yes
ac_cv_header_stdlib_h=yes
ac_cv_header_string_h=yes
ac_cv_header_strings_h=yes
ac_cv_header_sys_stat_h=yes
ac_cv_header_sys_types_h=yes
ac_cv_header_unistd_h=yes
ac_cv_host=x86_64-pc-nacl
ac_cv_lib_m_pow=yes
ac_cv_lib_z_zlibVersion=yes
ac_cv_objext=o
ac_cv_path_EGREP='/bin/grep -E'
ac_cv_path_FGREP='/bin/grep -F'
ac_cv_path_GREP=/bin/grep
ac_cv_path_SED=/bin/sed
ac_cv_path_install='/usr/bin/install -c'
ac_cv_path_mkdir=/bin/mkdir
ac_cv_prog_AR=x86_64-nacl-ar
ac_cv_prog_AWK=mawk
ac_cv_prog_CC=x86_64-nacl-gcc
ac_cv_prog_CPP='x86_64-nacl-gcc -E'
ac_cv_prog_OBJDUMP=objdump
ac_cv_prog_RANLIB=x86_64-nacl-ranlib
ac_cv_prog_SED=/bin/sed
ac_cv_prog_STRIP=x86_64-nacl-strip
ac_cv_prog_cc_c89=
ac_cv_prog_cc_g=yes
ac_cv_prog_make_make_set=yes
ac_cv_struct_tm=time.h
ac_cv_type_size_t=yes
am_cv_CC_dependencies_compiler_type=gcc3
lt_cv_deplibs_check_method=unknown
lt_cv_file_magic_cmd='$MAGIC_CMD'
lt_cv_file_magic_test_file=
lt_cv_ld_reload_flag=-r
lt_cv_nm_interface='BSD nm'
lt_cv_objdir=.libs
lt_cv_path_LD=/home/kit/zvm-sdk/x86_64-nacl/bin/ld
lt_cv_path_NM='/home/kit/zvm-sdk/bin/x86_64-nacl-nm -B'
lt_cv_prog_compiler_c_o=yes
lt_cv_prog_compiler_pic_works=yes
lt_cv_prog_compiler_rtti_exceptions=no
lt_cv_prog_compiler_static_works=yes
lt_cv_prog_gnu_ld=yes
lt_cv_sys_global_symbol_pipe='sed -n -e '\''s/^.*[	 ]\([ABCDGIRSTW][ABCDGIRSTW]*\)[	 ][	 ]*\([_A-Za-z][_A-Za-z0-9]*\)$/\1 \2 \2/p'\'''
lt_cv_sys_global_symbol_to_c_name_address='sed -n -e '\''s/^: \([^ ]*\) $/  {\"\1\", (void *) 0},/p'\'' -e '\''s/^[ABCDGIRSTW]* \([^ ]*\) \([^ ]*\)$/  {"\2", (void *) \&\2},/p'\'''
lt_cv_sys_global_symbol_to_c_name_address_lib_prefix='sed -n -e '\''s/^: \([^ ]*\) $/  {\"\1\", (void *) 0},/p'\'' -e '\''s/^[ABCDGIRSTW]* \([^ ]*\) \(lib[^ ]*\)$/  {"\2", (void *) \&\2},/p'\'' -e '\''s/^[ABCDGIRSTW]* \([^ ]*\) \([^ ]*\)$/  {"lib\2", (void *) \&\2},/p'\'''
lt_cv_sys_global_symbol_to_cdecl='sed -n -e '\''s/^T .* \(.*\)$/extern int \1();/p'\'' -e '\''s/^[ABCDGIRSTW]* .* \(.*\)$/extern char \1;/p'\'''
lt_cv_sys_max_cmd_len=1572864

## ----------------- ##
## Output variables. ##
## ----------------- ##

ACLOCAL='${SHELL} /home/kit/git/zrt/libports/libpng-1.2.46/missing --run aclocal-1.11'
AMDEPBACKSLASH='\'
AMDEP_FALSE='#'
AMDEP_TRUE=''
AMTAR='${SHELL} /home/kit/git/zrt/libports/libpng-1.2.46/missing --run tar'
AR='x86_64-nacl-ar'
AS='as'
AUTOCONF='${SHELL} /home/kit/git/zrt/libports/libpng-1.2.46/missing --run autoconf'
AUTOHEADER='${SHELL} /home/kit/git/zrt/libports/libpng-1.2.46/missing --run autoheader'
AUTOMAKE='${SHELL} /home/kit/git/zrt/libports/libpng-1.2.46/missing --run automake-1.11'
AWK='mawk'
CC='x86_64-nacl-gcc'
CCDEPMODE='depmode=gcc3'
CFLAGS='-I/home/kit/git/zrt/include'
CPP='x86_64-nacl-gcc -E'
CPPFLAGS=''
CYGPATH_W='echo'
DEFS='-DHAVE_CONFIG_H'
DEPDIR='.deps'
DLLTOOL='dlltool'
DSYMUTIL=''
DUMPBIN=''
ECHO_C=''
ECHO_N='-n'
ECHO_T=''
EGREP='/bin/grep -E'
EXEEXT=''
FGREP='/bin/grep -F'
GREP='/bin/grep'
HAVE_LD_VERSION_SCRIPT_FALSE='#'
HAVE_LD_VERSION_SCRIPT_TRUE=''
INSTALL_DATA='${INSTALL} -m 644'
INSTALL_PROGRAM='${INSTALL}'
INSTALL_SCRIPT='${INSTALL}'
INSTALL_STRIP_PROGRAM='$(install_sh) -c -s'
LD='/home/kit/zvm-sdk/x86_64-nacl/bin/ld'
LDFLAGS='-static -Wl,-s,-T/home/kit/zvm-sdk/x86_64-nacl/lib64/ldscripts/elf64_nacl.x.static,/home/kit/git/zrt/lib/zrt.o,-L/home/kit/git/zrt/lib,-lzrt,-lfs,-lstdc++'
LIBOBJS=' ${LIBOBJDIR}strtod$U.o'
LIBPNG_DEFINES='-DPNG_CONFIGURE_LIBPNG '
LIBPNG_NO_MMX=''
LIBS='-lz -lm '
LIBTOOL='$(SHELL) $(top_builddir)/libtool'
LIPO=''
LN_S='ln -s'
LTLIBOBJS=' ${LIBOBJDIR}strtod$U.lo'
MAINT='#'
MAINTAINER_MODE_FALSE=''
MAINTAINER_MODE_TRUE='#'
MAKEINFO='${SHELL} /home/kit/git/zrt/libports/libpng-1.2.46/missing --run makeinfo'
MKDIR_P='/bin/mkdir -p'
NM='/home/kit/zvm-sdk/bin/x86_64-nacl-nm -B'
NMEDIT=''
OBJDUMP='objdump'
OBJEXT='o'
OTOOL64=''
OTOOL=''
PACKAGE='libpng'
PACKAGE_BUGREPORT='png-mng-implement@lists.sourceforge.net'
PACKAGE_NAME='libpng'
PACKAGE_STRING='libpng 1.2.46'
PACKAGE_TARNAME='libpng'
PACKAGE_URL=''
PACKAGE_VERSION='1.2.46'
PATH_SEPARATOR=':'
PNGLIB_MAJOR='1'
PNGLIB_MINOR='2'
PNGLIB_RELEASE='46'
PNGLIB_VERSION='1.2.46'
POW_LIB='-lm'
RANLIB='x86_64-nacl-ranlib'
SED='/bin/sed'
SET_MAKE=''
SHELL='/bin/bash'
STRIP='x86_64-nacl-strip'
SYMBOL_PREFIX=''
VERSION='1.2.46'
ac_ct_CC=''
ac_ct_DUMPBIN=''
am__EXEEXT_FALSE=''
am__EXEEXT_TRUE='#'
am__fastdepCC_FALSE='#'
am__fastdepCC_TRUE=''
am__include='include'
am__isrc=''
am__leading_dot='.'
am__quote=''
am__tar='${AMTAR} chof - "$$tardir"'
am__untar='${AMTAR} xf -'
binconfigs='${binconfigs}'
bindir='${exec_prefix}/bin'
build='x86_64-unknown-linux-gnu'
build_alias=''
build_cpu='x86_64'
build_os='linux-gnu'
build_vendor='unknown'
compatlib='libpng.la'
datadir='${datarootdir}'
datarootdir='${prefix}/share'
docdir='${datarootdir}/doc/${PACKAGE_TARNAME}'
dvidir='${docdir}'
exec_prefix='${prefix}'
host='x86_64-pc-nacl'
host_alias='x86_64-nacl'
host_cpu='x86_64'
host_os='nacl'
host_vendor='pc'
htmldir='${docdir}'
includedir='${prefix}/include'
infodir='${datarootdir}/info'
install_sh='${SHELL} /home/kit/git/zrt/libports/libpng-1.2.46/install-sh'
libdir='${exec_prefix}/lib'
libexecdir='${exec_prefix}/libexec'
localedir='${datarootdir}/locale'
localstatedir='${prefix}/var'
lt_ECHO='echo'
mandir='${datarootdir}/man'
mkdir_p='/bin/mkdir -p'
oldincludedir='/usr/include'
pdfdir='${docdir}'
pkgconfigdir='${libdir}/pkgconfig'
prefix='/home/kit/git/zrt'
program_transform_name='s,x,x,'
psdir='${docdir}'
sbindir='${exec_prefix}/sbin'
sharedstatedir='${prefix}/com'
sysconfdir='${prefix}/etc'
target_alias=''

## ----------- ##
## confdefs.h. ##
## ----------- ##

/* confdefs.h */
#define PACKAGE_NAME "libpng"
#define PACKAGE_TARNAME "libpng"
#define PACKAGE_VERSION "1.2.46"
#define PACKAGE_STRING "libpng 1.2.46"
#define PACKAGE_BUGREPORT "png-mng-implement@lists.sourceforge.net"
#define PACKAGE_URL ""
#define PACKAGE "libpng"
#define VERSION "1.2.46"
#define STDC_HEADERS 1
#define HAVE_SYS_TYPES_H 1
#define HAVE_SYS_STAT_H 1
#define HAVE_STDLIB_H 1
#define HAVE_STRING_H 1
#define HAVE_MEMORY_H 1
#define HAVE_STRINGS_H 1
#define HAVE_INTTYPES_H 1
#define HAVE_STDINT_H 1
#define HAVE_UNISTD_H 1
#define HAVE_DLFCN_H 1
#define LT_OBJDIR ".libs/"
#define STDC_HEADERS 1
#define HAVE_MALLOC_H 1
#define HAVE_STDLIB_H 1
#define HAVE_STRING_H 1
#define HAVE_STRINGS_H 1
#define HAVE_MEMSET 1
#define HAVE_LIBM 1
#define HAVE_LIBZ 1

configure: exit 0
